#
# A fatal error has been detected by the Java Runtime Environment:
#
#  EXCEPTION_ACCESS_VIOLATION (0xc0000005) at pc=0x00007ffdea195a4c, pid=11308, tid=18476
#
# JRE version: Java(TM) SE Runtime Environment (17.0.1+12) (build 17.0.1+12-LTS-39)
# Java VM: Java HotSpot(TM) 64-Bit Server VM (17.0.1+12-LTS-39, mixed mode, sharing, tiered, compressed oops, compressed class ptrs, g1 gc, windows-amd64)
# Problematic frame:
# C  [jniRaylib.dll+0x115a4c]
#
# No core dump will be written. Minidumps are not enabled by default on client versions of Windows
#
# If you would like to submit a bug report, please visit:
#   https://bugreport.java.com/bugreport/crash.jsp
# The crash happened outside the Java Virtual Machine in native code.
# See problematic frame for where to report the bug.
#

---------------  S U M M A R Y ------------

Command Line: -Dfile.encoding=windows-1250 -Duser.country=PL -Duser.language=pl -Duser.variant StartMenu2

Host: 11th Gen Intel(R) Core(TM) i5-11400H @ 2.70GHz, 12 cores, 15G,  Windows 10 , 64 bit Build 19041 (10.0.19041.1503)
Time: Fri Feb 25 11:19:35 2022  Windows 10 , 64 bit Build 19041 (10.0.19041.1503) elapsed time: 23.996311 seconds (0d 0h 0m 23s)

---------------  T H R E A D  ---------------

Current thread (0x0000019e2fd1be90):  JavaThread "main" [_thread_in_native, id=18476, stack(0x00000005a6b00000,0x00000005a6c00000)]

Stack: [0x00000005a6b00000,0x00000005a6c00000],  sp=0x00000005a6bff6a0,  free space=1021k
Native frames: (J=compiled Java code, j=interpreted, Vv=VM code, C=native code)
C  [jniRaylib.dll+0x115a4c]

Java frames: (J=compiled Java code, j=interpreted, Vv=VM code)
j  com.raylib.Raylib.CloseWindow()V+0
j  StartMenu2.main([Ljava/lang/String;)V+141
v  ~StubRoutines::call_stub

siginfo: EXCEPTION_ACCESS_VIOLATION (0xc0000005), reading address 0x0000019e547d6310


Register to memory mapping:

RIP=0x00007ffdea195a4c jniRaylib.dll
RAX=0x0000019e547d6300 is an unknown value
RBX=0x0 is NULL
RCX=0x00000005a6bff6c0 is pointing into the stack for thread: 0x0000019e2fd1be90
RDX=0x00000005a6bff808 is pointing into the stack for thread: 0x0000019e2fd1be90
RSP=0x00000005a6bff6a0 is pointing into the stack for thread: 0x0000019e2fd1be90
RBP=0x00000005a6bff7f8 is pointing into the stack for thread: 0x0000019e2fd1be90
RSI=0x00000000000001d8 is an unknown value
RDI=0x0 is NULL
R8 =0x0000000000000002 is an unknown value
R9 =0x0000000000000002 is an unknown value
R10=0x0000019e3753d5f2 is at code_begin+946 in an Interpreter codelet
method entry point (kind = native)  [0x0000019e3753d240, 0x0000019e3753dbc0]  2432 bytes
R11=0x0000000710e00090 is an oop: java.lang.Class 
{0x0000000710e00090} - klass: 'java/lang/Class'
 - ---- fields (total size 287 words):
 - private volatile transient 'classRedefinedCount' 'I' @12  0
 - private volatile transient 'cachedConstructor' 'Ljava/lang/reflect/Constructor;' @40  NULL (0)
 - private transient 'name' 'Ljava/lang/String;' @44  "com.raylib.Raylib"{0x0000000710e8e898} (e21d1d13)
 - private transient 'module' 'Ljava/lang/Module;' @48  a 'java/lang/Module'{0x0000000710e22348} (e21c4469)
 - private final 'classLoader' 'Ljava/lang/ClassLoader;' @52  a 'jdk/internal/loader/ClassLoaders$AppClassLoader'{0x0000000710e00000} (e21c0000)
 - private transient 'classData' 'Ljava/lang/Object;' @56  NULL (0)
 - private transient 'packageName' 'Ljava/lang/String;' @60  "com.raylib"{0x0000000710e673d8} (e21cce7b)
 - private final 'componentType' 'Ljava/lang/Class;' @64  NULL (0)
 - private volatile transient 'reflectionData' 'Ljava/lang/ref/SoftReference;' @68  NULL (0)
 - private volatile transient 'genericInfo' 'Lsun/reflect/generics/repository/ClassRepository;' @72  NULL (0)
 - private volatile transient 'enumConstants' '[Ljava/lang/Object;' @76  NULL (0)
 - private volatile transient 'enumConstantDirectory' 'Ljava/util/Map;' @80  NULL (0)
 - private volatile transient 'annotationData' 'Ljava/lang/Class$AnnotationData;' @84  a 'java/lang/Class$AnnotationData'{0x0000000710e8e880} (e21d1d10)
 - private volatile transient 'annotationType' 'Lsun/reflect/annotation/AnnotationType;' @88  NULL (0)
 - transient 'classValueMap' 'Ljava/lang/ClassValue$ClassValueMap;' @92  NULL (0)
 - signature: Lcom/raylib/Raylib;
 - fake entry for mirror: 'com/raylib/Raylib'
 - fake entry for array: NULL
 - fake entry for oop_size: 287
 - fake entry for static_oop_field_count: 3
 - public static final 'RAYLIB_VERSION' 'Ljava/lang/String;' @112  "4.0"{0x0000000710e8e8d8} (e21d1d1b)
 - public static final 'PI' 'D' @128  3.141593 (60000000 400921fb)
 - public static final 'DEG2RAD' 'D' @136  0.017453 (aaaaaaab 3f91df46)
 - public static final 'RAD2DEG' 'D' @144  57.295778 (d03cf26 404ca5dc)
 - public static final 'FLAG_VSYNC_HINT' 'I' @200  64 (40)
 - public static final 'FLAG_FULLSCREEN_MODE' 'I' @204  2
 - public static final 'FLAG_WINDOW_RESIZABLE' 'I' @208  4
 - public static final 'FLAG_WINDOW_UNDECORATED' 'I' @212  8
 - public static final 'FLAG_WINDOW_HIDDEN' 'I' @216  128 (80)
 - public static final 'FLAG_WINDOW_MINIMIZED' 'I' @220  512 (200)
 - public static final 'FLAG_WINDOW_MAXIMIZED' 'I' @224  1024 (400)
 - public static final 'FLAG_WINDOW_UNFOCUSED' 'I' @228  2048 (800)
 - public static final 'FLAG_WINDOW_TOPMOST' 'I' @232  4096 (1000)
 - public static final 'FLAG_WINDOW_ALWAYS_RUN' 'I' @236  256 (100)
 - public static final 'FLAG_WINDOW_TRANSPARENT' 'I' @240  16 (10)
 - public static final 'FLAG_WINDOW_HIGHDPI' 'I' @244  8192 (2000)
 - public static final 'FLAG_MSAA_4X_HINT' 'I' @248  32 (20)
 - public static final 'FLAG_INTERLACED_HINT' 'I' @252  65536 (10000)
 - public static final 'LOG_ALL' 'I' @256  0
 - public static final 'LOG_TRACE' 'I' @260  1
 - public static final 'LOG_DEBUG' 'I' @264  2
 - public static final 'LOG_INFO' 'I' @268  3
 - public static final 'LOG_WARNING' 'I' @272  4
 - public static final 'LOG_ERROR' 'I' @276  5
 - public static final 'LOG_FATAL' 'I' @280  6
 - public static final 'LOG_NONE' 'I' @284  7
 - public static final 'KEY_NULL' 'I' @288  0
 - public static final 'KEY_APOSTROPHE' 'I' @292  39 (27)
 - public static final 'KEY_COMMA' 'I' @296  44 (2c)
 - public static final 'KEY_MINUS' 'I' @300  45 (2d)
 - public static final 'KEY_PERIOD' 'I' @304  46 (2e)
 - public static final 'KEY_SLASH' 'I' @308  47 (2f)
 - public static final 'KEY_ZERO' 'I' @312  48 (30)
 - public static final 'KEY_ONE' 'I' @316  49 (31)
 - public static final 'KEY_TWO' 'I' @320  50 (32)
 - public static final 'KEY_THREE' 'I' @324  51 (33)
 - public static final 'KEY_FOUR' 'I' @328  52 (34)
 - public static final 'KEY_FIVE' 'I' @332  53 (35)
 - public static final 'KEY_SIX' 'I' @336  54 (36)
 - public static final 'KEY_SEVEN' 'I' @340  55 (37)
 - public static final 'KEY_EIGHT' 'I' @344  56 (38)
 - public static final 'KEY_NINE' 'I' @348  57 (39)
 - public static final 'KEY_SEMICOLON' 'I' @352  59 (3b)
 - public static final 'KEY_EQUAL' 'I' @356  61 (3d)
 - public static final 'KEY_A' 'I' @360  65 (41)
 - public static final 'KEY_B' 'I' @364  66 (42)
 - public static final 'KEY_C' 'I' @368  67 (43)
 - public static final 'KEY_D' 'I' @372  68 (44)
 - public static final 'KEY_E' 'I' @376  69 (45)
 - public static final 'KEY_F' 'I' @380  70 (46)
 - public static final 'KEY_G' 'I' @384  71 (47)
 - public static final 'KEY_H' 'I' @388  72 (48)
 - public static final 'KEY_I' 'I' @392  73 (49)
 - public static final 'KEY_J' 'I' @396  74 (4a)
 - public static final 'KEY_K' 'I' @400  75 (4b)
 - public static final 'KEY_L' 'I' @404  76 (4c)
 - public static final 'KEY_M' 'I' @408  77 (4d)
 - public static final 'KEY_N' 'I' @412  78 (4e)
 - public static final 'KEY_O' 'I' @416  79 (4f)
 - public static final 'KEY_P' 'I' @420  80 (50)
 - public static final 'KEY_Q' 'I' @424  81 (51)
 - public static final 'KEY_R' 'I' @428  82 (52)
 - public static final 'KEY_S' 'I' @432  83 (53)
 - public static final 'KEY_T' 'I' @436  84 (54)
 - public static final 'KEY_U' 'I' @440  85 (55)
 - public static final 'KEY_V' 'I' @444  86 (56)
 - public static final 'KEY_W' 'I' @448  87 (57)
 - public static final 'KEY_X' 'I' @452  88 (58)
 - public static final 'KEY_Y' 'I' @456  89 (59)
 - public static final 'KEY_Z' 'I' @460  90 (5a)
 - public static final 'KEY_LEFT_BRACKET' 'I' @464  91 (5b)
 - public static final 'KEY_BACKSLASH' 'I' @468  92 (5c)
 - public static final 'KEY_RIGHT_BRACKET' 'I' @472  93 (5d)
 - public static final 'KEY_GRAVE' 'I' @476  96 (60)
 - public static final 'KEY_SPACE' 'I' @480  32 (20)
 - public static final 'KEY_ESCAPE' 'I' @484  256 (100)
 - public static final 'KEY_ENTER' 'I' @488  257 (101)
 - public static final 'KEY_TAB' 'I' @492  258 (102)
 - public static final 'KEY_BACKSPACE' 'I' @496  259 (103)
 - public static final 'KEY_INSERT' 'I' @500  260 (104)
 - public static final 'KEY_DELETE' 'I' @504  261 (105)
 - public static final 'KEY_RIGHT' 'I' @508  262 (106)
 - public static final 'KEY_LEFT' 'I' @512  263 (107)
 - public static final 'KEY_DOWN' 'I' @516  264 (108)
 - public static final 'KEY_UP' 'I' @520  265 (109)
 - public static final 'KEY_PAGE_UP' 'I' @524  266 (10a)
 - public static final 'KEY_PAGE_DOWN' 'I' @528  267 (10b)
 - public static final 'KEY_HOME' 'I' @532  268 (10c)
 - public static final 'KEY_END' 'I' @536  269 (10d)
 - public static final 'KEY_CAPS_LOCK' 'I' @540  280 (118)
 - public static final 'KEY_SCROLL_LOCK' 'I' @544  281 (119)
 - public static final 'KEY_NUM_LOCK' 'I' @548  282 (11a)
 - public static final 'KEY_PRINT_SCREEN' 'I' @552  283 (11b)
 - public static final 'KEY_PAUSE' 'I' @556  284 (11c)
 - public static final 'KEY_F1' 'I' @560  290 (122)
 - public static final 'KEY_F2' 'I' @564  291 (123)
 - public static final 'KEY_F3' 'I' @568  292 (124)
 - public static final 'KEY_F4' 'I' @572  293 (125)
 - public static final 'KEY_F5' 'I' @576  294 (126)
 - public static final 'KEY_F6' 'I' @580  295 (127)
 - public static final 'KEY_F7' 'I' @584  296 (128)
 - public static final 'KEY_F8' 'I' @588  297 (129)
 - public static final 'KEY_F9' 'I' @592  298 (12a)
 - public static final 'KEY_F10' 'I' @596  299 (12b)
 - public static final 'KEY_F11' 'I' @600  300 (12c)
 - public static final 'KEY_F12' 'I' @604  301 (12d)
 - public static final 'KEY_LEFT_SHIFT' 'I' @608  340 (154)
 - public static final 'KEY_LEFT_CONTROL' 'I' @612  341 (155)
 - public static final 'KEY_LEFT_ALT' 'I' @616  342 (156)
 - public static final 'KEY_LEFT_SUPER' 'I' @620  343 (157)
 - public static final 'KEY_RIGHT_SHIFT' 'I' @624  344 (158)
 - public static final 'KEY_RIGHT_CONTROL' 'I' @628  345 (159)
 - public static final 'KEY_RIGHT_ALT' 'I' @632  346 (15a)
 - public static final 'KEY_RIGHT_SUPER' 'I' @636  347 (15b)
 - public static final 'KEY_KB_MENU' 'I' @640  348 (15c)
 - public static final 'KEY_KP_0' 'I' @644  320 (140)
 - public static final 'KEY_KP_1' 'I' @648  321 (141)
 - public static final 'KEY_KP_2' 'I' @652  322 (142)
 - public static final 'KEY_KP_3' 'I' @656  323 (143)
 - public static final 'KEY_KP_4' 'I' @660  324 (144)
 - public static final 'KEY_KP_5' 'I' @664  325 (145)
 - public static final 'KEY_KP_6' 'I' @668  326 (146)
 - public static final 'KEY_KP_7' 'I' @672  327 (147)
 - public static final 'KEY_KP_8' 'I' @676  328 (148)
 - public static final 'KEY_KP_9' 'I' @680  329 (149)
 - public static final 'KEY_KP_DECIMAL' 'I' @684  330 (14a)
 - public static final 'KEY_KP_DIVIDE' 'I' @688  331 (14b)
 - public static final 'KEY_KP_MULTIPLY' 'I' @692  332 (14c)
 - public static final 'KEY_KP_SUBTRACT' 'I' @696  333 (14d)
 - public static final 'KEY_KP_ADD' 'I' @700  334 (14e)
 - public static final 'KEY_KP_ENTER' 'I' @704  335 (14f)
 - public static final 'KEY_KP_EQUAL' 'I' @708  336 (150)
 - public static final 'KEY_BACK' 'I' @712  4
 - public static final 'KEY_MENU' 'I' @716  82 (52)
 - public static final 'KEY_VOLUME_UP' 'I' @720  24 (18)
 - public static final 'KEY_VOLUME_DOWN' 'I' @724  25 (19)
 - public static final 'MOUSE_BUTTON_LEFT' 'I' @728  0
 - public static final 'MOUSE_BUTTON_RIGHT' 'I' @732  1
 - public static final 'MOUSE_BUTTON_MIDDLE' 'I' @736  2
 - public static final 'MOUSE_BUTTON_SIDE' 'I' @740  3
 - public static final 'MOUSE_BUTTON_EXTRA' 'I' @744  4
 - public static final 'MOUSE_BUTTON_FORWARD' 'I' @748  5
 - public static final 'MOUSE_BUTTON_BACK' 'I' @752  6
 - public static final 'MOUSE_CURSOR_DEFAULT' 'I' @756  0
 - public static final 'MOUSE_CURSOR_ARROW' 'I' @760  1
 - public static final 'MOUSE_CURSOR_IBEAM' 'I' @764  2
 - public static final 'MOUSE_CURSOR_CROSSHAIR' 'I' @768  3
 - public static final 'MOUSE_CURSOR_POINTING_HAND' 'I' @772  4
 - public static final 'MOUSE_CURSOR_RESIZE_EW' 'I' @776  5
 - public static final 'MOUSE_CURSOR_RESIZE_NS' 'I' @780  6
 - public static final 'MOUSE_CURSOR_RESIZE_NWSE' 'I' @784  7
 - public static final 'MOUSE_CURSOR_RESIZE_NESW' 'I' @788  8
 - public static final 'MOUSE_CURSOR_RESIZE_ALL' 'I' @792  9
 - public static final 'MOUSE_CURSOR_NOT_ALLOWED' 'I' @796  10 (a)
 - public static final 'GAMEPAD_BUTTON_UNKNOWN' 'I' @800  0
 - public static final 'GAMEPAD_BUTTON_LEFT_FACE_UP' 'I' @804  1
 - public static final 'GAMEPAD_BUTTON_LEFT_FACE_RIGHT' 'I' @808  2
 - public static final 'GAMEPAD_BUTTON_LEFT_FACE_DOWN' 'I' @812  3
 - public static final 'GAMEPAD_BUTTON_LEFT_FACE_LEFT' 'I' @816  4
 - public static final 'GAMEPAD_BUTTON_RIGHT_FACE_UP' 'I' @820  5
 - public static final 'GAMEPAD_BUTTON_RIGHT_FACE_RIGHT' 'I' @824  6
 - public static final 'GAMEPAD_BUTTON_RIGHT_FACE_DOWN' 'I' @828  7
 - public static final 'GAMEPAD_BUTTON_RIGHT_FACE_LEFT' 'I' @832  8
 - public static final 'GAMEPAD_BUTTON_LEFT_TRIGGER_1' 'I' @836  9
 - public static final 'GAMEPAD_BUTTON_LEFT_TRIGGER_2' 'I' @840  10 (a)
 - public static final 'GAMEPAD_BUTTON_RIGHT_TRIGGER_1' 'I' @844  11 (b)
 - public static final 'GAMEPAD_BUTTON_RIGHT_TRIGGER_2' 'I' @848  12 (c)
 - public static final 'GAMEPAD_BUTTON_MIDDLE_LEFT' 'I' @852  13 (d)
 - public static final 'GAMEPAD_BUTTON_MIDDLE' 'I' @856  14 (e)
 - public static final 'GAMEPAD_BUTTON_MIDDLE_RIGHT' 'I' @860  15 (f)
 - public static final 'GAMEPAD_BUTTON_LEFT_THUMB' 'I' @864  16 (10)
 - public static final 'GAMEPAD_BUTTON_RIGHT_THUMB' 'I' @868  17 (11)
 - public static final 'GAMEPAD_AXIS_LEFT_X' 'I' @872  0
 - public static final 'GAMEPAD_AXIS_LEFT_Y' 'I' @876  1
 - public static final 'GAMEPAD_AXIS_RIGHT_X' 'I' @880  2
 - public static final 'GAMEPAD_AXIS_RIGHT_Y' 'I' @884  3
 - public static final 'GAMEPAD_AXIS_LEFT_TRIGGER' 'I' @888  4
 - public static final 'GAMEPAD_AXIS_RIGHT_TRIGGER' 'I' @892  5
 - public static final 'MATERIAL_MAP_ALBEDO' 'I' @896  0
 - public static final 'MATERIAL_MAP_METALNESS' 'I' @900  1
 - public static final 'MATERIAL_MAP_NORMAL' 'I' @904  2
 - public static final 'MATERIAL_MAP_ROUGHNESS' 'I' @908  3
 - public static final 'MATERIAL_MAP_OCCLUSION' 'I' @912  4
 - public static final 'MATERIAL_MAP_EMISSION' 'I' @916  5
 - public static final 'MATERIAL_MAP_HEIGHT' 'I' @920  6
 - public static final 'MATERIAL_MAP_CUBEMAP' 'I' @924  7
 - public static final 'MATERIAL_MAP_IRRADIANCE' 'I' @928  8
 - public static final 'MATERIAL_MAP_PREFILTER' 'I' @932  9
 - public static final 'MATERIAL_MAP_BRDF' 'I' @936  10 (a)
 - public static final 'MATERIAL_MAP_DIFFUSE' 'I' @940  0
 - public static final 'MATERIAL_MAP_SPECULAR' 'I' @944  1
 - public static final 'SHADER_LOC_VERTEX_POSITION' 'I' @948  0
 - public static final 'SHADER_LOC_VERTEX_TEXCOORD01' 'I' @952  1
 - public static final 'SHADER_LOC_VERTEX_TEXCOORD02' 'I' @956  2
 - public static final 'SHADER_LOC_VERTEX_NORMAL' 'I' @960  3
 - public static final 'SHADER_LOC_VERTEX_TANGENT' 'I' @964  4
 - public static final 'SHADER_LOC_VERTEX_COLOR' 'I' @968  5
 - public static final 'SHADER_LOC_MATRIX_MVP' 'I' @972  6
 - public static final 'SHADER_LOC_MATRIX_VIEW' 'I' @976  7
 - public static final 'SHADER_LOC_MATRIX_PROJECTION' 'I' @980  8
 - public static final 'SHADER_LOC_MATRIX_MODEL' 'I' @984  9
 - public static final 'SHADER_LOC_MATRIX_NORMAL' 'I' @988  10 (a)
 - public static final 'SHADER_LOC_VECTOR_VIEW' 'I' @992  11 (b)
 - public static final 'SHADER_LOC_COLOR_DIFFUSE' 'I' @996  12 (c)
 - public static final 'SHADER_LOC_COLOR_SPECULAR' 'I' @1000  13 (d)
 - public static final 'SHADER_LOC_COLOR_AMBIENT' 'I' @1004  14 (e)
 - public static final 'SHADER_LOC_MAP_ALBEDO' 'I' @1008  15 (f)
 - public static final 'SHADER_LOC_MAP_METALNESS' 'I' @1012  16 (10)
 - public static final 'SHADER_LOC_MAP_NORMAL' 'I' @1016  17 (11)
 - public static final 'SHADER_LOC_MAP_ROUGHNESS' 'I' @1020  18 (12)
 - public static final 'SHADER_LOC_MAP_OCCLUSION' 'I' @1024  19 (13)
 - public static final 'SHADER_LOC_MAP_EMISSION' 'I' @1028  20 (14)
 - public static final 'SHADER_LOC_MAP_HEIGHT' 'I' @1032  21 (15)
 - public static final 'SHADER_LOC_MAP_CUBEMAP' 'I' @1036  22 (16)
 - public static final 'SHADER_LOC_MAP_IRRADIANCE' 'I' @1040  23 (17)
 - public static final 'SHADER_LOC_MAP_PREFILTER' 'I' @1044  24 (18)
 - public static final 'SHADER_LOC_MAP_BRDF' 'I' @1048  25 (19)
 - public static final 'SHADER_LOC_MAP_DIFFUSE' 'I' @1052  15 (f)
 - public static final 'SHADER_LOC_MAP_SPECULAR' 'I' @1056  16 (10)
 - public static final 'SHADER_UNIFORM_FLOAT' 'I' @1060  0
 - public static final 'SHADER_UNIFORM_VEC2' 'I' @1064  1
 - public static final 'SHADER_UNIFORM_VEC3' 'I' @1068  2
 - public static final 'SHADER_UNIFORM_VEC4' 'I' @1072  3
 - public static final 'SHADER_UNIFORM_INT' 'I' @1076  4
 - public static final 'SHADER_UNIFORM_IVEC2' 'I' @1080  5
 - public static final 'SHADER_UNIFORM_IVEC3' 'I' @1084  6
 - public static final 'SHADER_UNIFORM_IVEC4' 'I' @1088  7
 - public static final 'SHADER_UNIFORM_SAMPLER2D' 'I' @1092  8
 - public static final 'SHADER_ATTRIB_FLOAT' 'I' @1096  0
 - public static final 'SHADER_ATTRIB_VEC2' 'I' @1100  1
 - public static final 'SHADER_ATTRIB_VEC3' 'I' @1104  2
 - public static final 'SHADER_ATTRIB_VEC4' 'I' @1108  3
 - public static final 'PIXELFORMAT_UNCOMPRESSED_GRAYSCALE' 'I' @1112  1
 - public static final 'PIXELFORMAT_UNCOMPRESSED_GRAY_ALPHA' 'I' @1116  2
 - public static final 'PIXELFORMAT_UNCOMPRESSED_R5G6B5' 'I' @1120  3
 - public static final 'PIXELFORMAT_UNCOMPRESSED_R8G8B8' 'I' @1124  4
 - public static final 'PIXELFORMAT_UNCOMPRESSED_R5G5B5A1' 'I' @1128  5
 - public static final 'PIXELFORMAT_UNCOMPRESSED_R4G4B4A4' 'I' @1132  6
 - public static final 'PIXELFORMAT_UNCOMPRESSED_R8G8B8A8' 'I' @1136  7
 - public static final 'PIXELFORMAT_UNCOMPRESSED_R32' 'I' @1140  8
 - public static final 'PIXELFORMAT_UNCOMPRESSED_R32G32B32' 'I' @1144  9
 - public static final 'PIXELFORMAT_UNCOMPRESSED_R32G32B32A32' 'I' @1148  10 (a)
 - public static final 'PIXELFORMAT_COMPRESSED_DXT1_RGB' 'I' @1152  11 (b)
 - public static final 'PIXELFORMAT_COMPRESSED_DXT1_RGBA' 'I' @1156  12 (c)
 - public static final 'PIXELFORMAT_COMPRESSED_DXT3_RGBA' 'I' @1160  13 (d)
 - public static final 'PIXELFORMAT_COMPRESSED_DXT5_RGBA' 'I' @1164  14 (e)
 - public static final 'PIXELFORMAT_COMPRESSED_ETC1_RGB' 'I' @1168  15 (f)
 - public static final 'PIXELFORMAT_COMPRESSED_ETC2_RGB' 'I' @1172  16 (10)
 - public static final 'PIXELFORMAT_COMPRESSED_ETC2_EAC_RGBA' 'I' @1176  17 (11)
 - public static final 'PIXELFORMAT_COMPRESSED_PVRT_RGB' 'I' @1180  18 (12)
 - public static final 'PIXELFORMAT_COMPRESSED_PVRT_RGBA' 'I' @1184  19 (13)
 - public static final 'PIXELFORMAT_COMPRESSED_ASTC_4x4_RGBA' 'I' @1188  20 (14)
 - public static final 'PIXELFORMAT_COMPRESSED_ASTC_8x8_RGBA' 'I' @1192  21 (15)
 - public static final 'TEXTURE_FILTER_POINT' 'I' @1196  0
 - public static final 'TEXTURE_FILTER_BILINEAR' 'I' @1200  1
 - public static final 'TEXTURE_FILTER_TRILINEAR' 'I' @1204  2
 - public static final 'TEXTURE_FILTER_ANISOTROPIC_4X' 'I' @1208  3
 - public static final 'TEXTURE_FILTER_ANISOTROPIC_8X' 'I' @1212  4
 - public static final 'TEXTURE_FILTER_ANISOTROPIC_16X' 'I' @1216  5
 - public static final 'TEXTURE_WRAP_REPEAT' 'I' @1220  0
 - public static final 'TEXTURE_WRAP_CLAMP' 'I' @1224  1
 - public static final 'TEXTURE_WRAP_MIRROR_REPEAT' 'I' @1228  2
 - public static final 'TEXTURE_WRAP_MIRROR_CLAMP' 'I' @1232  3
 - public static final 'CUBEMAP_LAYOUT_AUTO_DETECT' 'I' @1236  0
 - public static final 'CUBEMAP_LAYOUT_LINE_VERTICAL' 'I' @1240  1
 - public static final 'CUBEMAP_LAYOUT_LINE_HORIZONTAL' 'I' @1244  2
 - public static final 'CUBEMAP_LAYOUT_CROSS_THREE_BY_FOUR' 'I' @1248  3
 - public static final 'CUBEMAP_LAYOUT_CROSS_FOUR_BY_THREE' 'I' @1252  4
 - public static final 'CUBEMAP_LAYOUT_PANORAMA' 'I' @1256  5
 - public static final 'FONT_DEFAULT' 'I' @1260  0
 - public static final 'FONT_BITMAP' 'I' @1264  1
 - public static final 'FONT_SDF' 'I' @1268  2
 - public static final 'BLEND_ALPHA' 'I' @1272  0
 - public static final 'BLEND_ADDITIVE' 'I' @1276  1
 - public static final 'BLEND_MULTIPLIED' 'I' @1280  2
 - public static final 'BLEND_ADD_COLORS' 'I' @1284  3
 - public static final 'BLEND_SUBTRACT_COLORS' 'I' @1288  4
 - public static final 'BLEND_CUSTOM' 'I' @1292  5
 - public static final 'GESTURE_NONE' 'I' @1296  0
 - public static final 'GESTURE_TAP' 'I' @1300  1
 - public static final 'GESTURE_DOUBLETAP' 'I' @1304  2
 - public static final 'GESTURE_HOLD' 'I' @1308  4
 - public static final 'GESTURE_DRAG' 'I' @1312  8
 - public static final 'GESTURE_SWIPE_RIGHT' 'I' @1316  16 (10)
 - public static final 'GESTURE_SWIPE_LEFT' 'I' @1320  32 (20)
 - public static final 'GESTURE_SWIPE_UP' 'I' @1324  64 (40)
 - public static final 'GESTURE_SWIPE_DOWN' 'I' @1328  128 (80)
 - public static final 'GESTURE_PINCH_IN' 'I' @1332  256 (100)
 - public static final 'GESTURE_PINCH_OUT' 'I' @1336  512 (200)
 - public static final 'CAMERA_CUSTOM' 'I' @1340  0
 - public static final 'CAMERA_FREE' 'I' @1344  1
 - public static final 'CAMERA_ORBITAL' 'I' @1348  2
 - public static final 'CAMERA_FIRST_PERSON' 'I' @1352  3
 - public static final 'CAMERA_THIRD_PERSON' 'I' @1356  4
 - public static final 'CAMERA_PERSPECTIVE' 'I' @1360  0
 - public static final 'CAMERA_ORTHOGRAPHIC' 'I' @1364  1
 - public static final 'NPATCH_NINE_PATCH' 'I' @1368  0
 - public static final 'NPATCH_THREE_PATCH_VERTICAL' 'I' @1372  1
 - public static final 'NPATCH_THREE_PATCH_HORIZONTAL' 'I' @1376  2
 - public static final 'RLGL_VERSION' 'Ljava/lang/String;' @116  "4.0"{0x0000000710e8e8d8} (e21d1d1b)
 - public static final 'RL_DEFAULT_BATCH_BUFFER_ELEMENTS' 'I' @1380  8192 (2000)
 - public static final 'RL_DEFAULT_BATCH_BUFFERS' 'I' @1384  1
 - public static final 'RL_DEFAULT_BATCH_DRAWCALLS' 'I' @1388  256 (100)
 - public static final 'RL_DEFAULT_BATCH_MAX_TEXTURE_UNITS' 'I' @1392  4
 - public static final 'RL_MAX_MATRIX_STACK_SIZE' 'I' @1396  32 (20)
 - public static final 'RL_MAX_SHADER_LOCATIONS' 'I' @1400  32 (20)
 - public static final 'RL_CULL_DISTANCE_NEAR' 'D' @152  0.010000 (47ae147b 3f847ae1)
 - public static final 'RL_CULL_DISTANCE_FAR' 'D' @160  1000.000000 (0 408f4000)
 - public static final 'RL_TEXTURE_WRAP_S' 'I' @1404  10242 (2802)
 - public static final 'RL_TEXTURE_WRAP_T' 'I' @1408  10243 (2803)
 - public static final 'RL_TEXTURE_MAG_FILTER' 'I' @1412  10240 (2800)
 - public static final 'RL_TEXTURE_MIN_FILTER' 'I' @1416  10241 (2801)
 - public static final 'RL_TEXTURE_FILTER_NEAREST' 'I' @1420  9728 (2600)
 - public static final 'RL_TEXTURE_FILTER_LINEAR' 'I' @1424  9729 (2601)
 - public static final 'RL_TEXTURE_FILTER_MIP_NEAREST' 'I' @1428  9984 (2700)
 - public static final 'RL_TEXTURE_FILTER_NEAREST_MIP_LINEAR' 'I' @1432  9986 (2702)
 - public static final 'RL_TEXTURE_FILTER_LINEAR_MIP_NEAREST' 'I' @1436  9985 (2701)
 - public static final 'RL_TEXTURE_FILTER_MIP_LINEAR' 'I' @1440  9987 (2703)
 - public static final 'RL_TEXTURE_FILTER_ANISOTROPIC' 'I' @1444  12288 (3000)
 - public static final 'RL_TEXTURE_WRAP_REPEAT' 'I' @1448  10497 (2901)
 - public static final 'RL_TEXTURE_WRAP_CLAMP' 'I' @1452  33071 (812f)
 - public static final 'RL_TEXTURE_WRAP_MIRROR_REPEAT' 'I' @1456  33648 (8370)
 - public static final 'RL_TEXTURE_WRAP_MIRROR_CLAMP' 'I' @1460  34626 (8742)
 - public static final 'RL_MODELVIEW' 'I' @1464  5888 (1700)
 - public static final 'RL_PROJECTION' 'I' @1468  5889 (1701)
 - public static final 'RL_TEXTURE' 'I' @1472  5890 (1702)
 - public static final 'RL_LINES' 'I' @1476  1
 - public static final 'RL_TRIANGLES' 'I' @1480  4
 - public static final 'RL_QUADS' 'I' @1484  7
 - public static final 'RL_UNSIGNED_BYTE' 'I' @1488  5121 (1401)
 - public static final 'RL_FLOAT' 'I' @1492  5126 (1406)
 - public static final 'RL_STREAM_DRAW' 'I' @1496  35040 (88e0)
 - public static final 'RL_STREAM_READ' 'I' @1500  35041 (88e1)
 - public static final 'RL_STREAM_COPY' 'I' @1504  35042 (88e2)
 - public static final 'RL_STATIC_DRAW' 'I' @1508  35044 (88e4)
 - public static final 'RL_STATIC_READ' 'I' @1512  35045 (88e5)
 - public static final 'RL_STATIC_COPY' 'I' @1516  35046 (88e6)
 - public static final 'RL_DYNAMIC_DRAW' 'I' @1520  35048 (88e8)
 - public static final 'RL_DYNAMIC_READ' 'I' @1524  35049 (88e9)
 - public static final 'RL_DYNAMIC_COPY' 'I' @1528  35050 (88ea)
 - public static final 'RL_FRAGMENT_SHADER' 'I' @1532  35632 (8b30)
 - public static final 'RL_VERTEX_SHADER' 'I' @1536  35633 (8b31)
 - public static final 'RL_COMPUTE_SHADER' 'I' @1540  37305 (91b9)
 - public static final 'OPENGL_11' 'I' @1544  1
 - public static final 'OPENGL_21' 'I' @1548  2
 - public static final 'OPENGL_33' 'I' @1552  3
 - public static final 'OPENGL_43' 'I' @1556  4
 - public static final 'OPENGL_ES_20' 'I' @1560  5
 - public static final 'RL_ATTACHMENT_COLOR_CHANNEL0' 'I' @1564  0
 - public static final 'RL_ATTACHMENT_COLOR_CHANNEL1' 'I' @1568  1
 - public static final 'RL_ATTACHMENT_COLOR_CHANNEL2' 'I' @1572  2
 - public static final 'RL_ATTACHMENT_COLOR_CHANNEL3' 'I' @1576  3
 - public static final 'RL_ATTACHMENT_COLOR_CHANNEL4' 'I' @1580  4
 - public static final 'RL_ATTACHMENT_COLOR_CHANNEL5' 'I' @1584  5
 - public static final 'RL_ATTACHMENT_COLOR_CHANNEL6' 'I' @1588  6
 - public static final 'RL_ATTACHMENT_COLOR_CHANNEL7' 'I' @1592  7
 - public static final 'RL_ATTACHMENT_DEPTH' 'I' @1596  100 (64)
 - public static final 'RL_ATTACHMENT_STENCIL' 'I' @1600  200 (c8)
 - public static final 'RL_ATTACHMENT_CUBEMAP_POSITIVE_X' 'I' @1604  0
 - public static final 'RL_ATTACHMENT_CUBEMAP_NEGATIVE_X' 'I' @1608  1
 - public static final 'RL_ATTACHMENT_CUBEMAP_POSITIVE_Y' 'I' @1612  2
 - public static final 'RL_ATTACHMENT_CUBEMAP_NEGATIVE_Y' 'I' @1616  3
 - public static final 'RL_ATTACHMENT_CUBEMAP_POSITIVE_Z' 'I' @1620  4
 - public static final 'RL_ATTACHMENT_CUBEMAP_NEGATIVE_Z' 'I' @1624  5
 - public static final 'RL_ATTACHMENT_TEXTURE2D' 'I' @1628  100 (64)
 - public static final 'RL_ATTACHMENT_RENDERBUFFER' 'I' @1632  200 (c8)
 - public static final 'RL_LOG_ALL' 'I' @1636  0
 - public static final 'RL_LOG_TRACE' 'I' @1640  1
 - public static final 'RL_LOG_DEBUG' 'I' @1644  2
 - public static final 'RL_LOG_INFO' 'I' @1648  3
 - public static final 'RL_LOG_WARNING' 'I' @1652  4
 - public static final 'RL_LOG_ERROR' 'I' @1656  5
 - public static final 'RL_LOG_FATAL' 'I' @1660  6
 - public static final 'RL_LOG_NONE' 'I' @1664  7
 - public static final 'RL_PIXELFORMAT_UNCOMPRESSED_GRAYSCALE' 'I' @1668  1
 - public static final 'RL_PIXELFORMAT_UNCOMPRESSED_GRAY_ALPHA' 'I' @1672  2
 - public static final 'RL_PIXELFORMAT_UNCOMPRESSED_R5G6B5' 'I' @1676  3
 - public static final 'RL_PIXELFORMAT_UNCOMPRESSED_R8G8B8' 'I' @1680  4
 - public static final 'RL_PIXELFORMAT_UNCOMPRESSED_R5G5B5A1' 'I' @1684  5
 - public static final 'RL_PIXELFORMAT_UNCOMPRESSED_R4G4B4A4' 'I' @1688  6
 - public static final 'RL_PIXELFORMAT_UNCOMPRESSED_R8G8B8A8' 'I' @1692  7
 - public static final 'RL_PIXELFORMAT_UNCOMPRESSED_R32' 'I' @1696  8
 - public static final 'RL_PIXELFORMAT_UNCOMPRESSED_R32G32B32' 'I' @1700  9
 - public static final 'RL_PIXELFORMAT_UNCOMPRESSED_R32G32B32A32' 'I' @1704  10 (a)
 - public static final 'RL_PIXELFORMAT_COMPRESSED_DXT1_RGB' 'I' @1708  11 (b)
 - public static final 'RL_PIXELFORMAT_COMPRESSED_DXT1_RGBA' 'I' @1712  12 (c)
 - public static final 'RL_PIXELFORMAT_COMPRESSED_DXT3_RGBA' 'I' @1716  13 (d)
 - public static final 'RL_PIXELFORMAT_COMPRESSED_DXT5_RGBA' 'I' @1720  14 (e)
 - public static final 'RL_PIXELFORMAT_COMPRESSED_ETC1_RGB' 'I' @1724  15 (f)
 - public static final 'RL_PIXELFORMAT_COMPRESSED_ETC2_RGB' 'I' @1728  16 (10)
 - public static final 'RL_PIXELFORMAT_COMPRESSED_ETC2_EAC_RGBA' 'I' @1732  17 (11)
 - public static final 'RL_PIXELFORMAT_COMPRESSED_PVRT_RGB' 'I' @1736  18 (12)
 - public static final 'RL_PIXELFORMAT_COMPRESSED_PVRT_RGBA' 'I' @1740  19 (13)
 - public static final 'RL_PIXELFORMAT_COMPRESSED_ASTC_4x4_RGBA' 'I' @1744  20 (14)
 - public static final 'RL_PIXELFORMAT_COMPRESSED_ASTC_8x8_RGBA' 'I' @1748  21 (15)
 - public static final 'RL_TEXTURE_FILTER_POINT' 'I' @1752  0
 - public static final 'RL_TEXTURE_FILTER_BILINEAR' 'I' @1756  1
 - public static final 'RL_TEXTURE_FILTER_TRILINEAR' 'I' @1760  2
 - public static final 'RL_TEXTURE_FILTER_ANISOTROPIC_4X' 'I' @1764  3
 - public static final 'RL_TEXTURE_FILTER_ANISOTROPIC_8X' 'I' @1768  4
 - public static final 'RL_TEXTURE_FILTER_ANISOTROPIC_16X' 'I' @1772  5
 - public static final 'RL_BLEND_ALPHA' 'I' @1776  0
 - public static final 'RL_BLEND_ADDITIVE' 'I' @1780  1
 - public static final 'RL_BLEND_MULTIPLIED' 'I' @1784  2
 - public static final 'RL_BLEND_ADD_COLORS' 'I' @1788  3
 - public static final 'RL_BLEND_SUBTRACT_COLORS' 'I' @1792  4
 - public static final 'RL_BLEND_CUSTOM' 'I' @1796  5
 - public static final 'RL_SHADER_LOC_VERTEX_POSITION' 'I' @1800  0
 - public static final 'RL_SHADER_LOC_VERTEX_TEXCOORD01' 'I' @1804  1
 - public static final 'RL_SHADER_LOC_VERTEX_TEXCOORD02' 'I' @1808  2
 - public static final 'RL_SHADER_LOC_VERTEX_NORMAL' 'I' @1812  3
 - public static final 'RL_SHADER_LOC_VERTEX_TANGENT' 'I' @1816  4
 - public static final 'RL_SHADER_LOC_VERTEX_COLOR' 'I' @1820  5
 - public static final 'RL_SHADER_LOC_MATRIX_MVP' 'I' @1824  6
 - public static final 'RL_SHADER_LOC_MATRIX_VIEW' 'I' @1828  7
 - public static final 'RL_SHADER_LOC_MATRIX_PROJECTION' 'I' @1832  8
 - public static final 'RL_SHADER_LOC_MATRIX_MODEL' 'I' @1836  9
 - public static final 'RL_SHADER_LOC_MATRIX_NORMAL' 'I' @1840  10 (a)
 - public static final 'RL_SHADER_LOC_VECTOR_VIEW' 'I' @1844  11 (b)
 - public static final 'RL_SHADER_LOC_COLOR_DIFFUSE' 'I' @1848  12 (c)
 - public static final 'RL_SHADER_LOC_COLOR_SPECULAR' 'I' @1852  13 (d)
 - public static final 'RL_SHADER_LOC_COLOR_AMBIENT' 'I' @1856  14 (e)
 - public static final 'RL_SHADER_LOC_MAP_ALBEDO' 'I' @1860  15 (f)
 - public static final 'RL_SHADER_LOC_MAP_METALNESS' 'I' @1864  16 (10)
 - public static final 'RL_SHADER_LOC_MAP_NORMAL' 'I' @1868  17 (11)
 - public static final 'RL_SHADER_LOC_MAP_ROUGHNESS' 'I' @1872  18 (12)
 - public static final 'RL_SHADER_LOC_MAP_OCCLUSION' 'I' @1876  19 (13)
 - public static final 'RL_SHADER_LOC_MAP_EMISSION' 'I' @1880  20 (14)
 - public static final 'RL_SHADER_LOC_MAP_HEIGHT' 'I' @1884  21 (15)
 - public static final 'RL_SHADER_LOC_MAP_CUBEMAP' 'I' @1888  22 (16)
 - public static final 'RL_SHADER_LOC_MAP_IRRADIANCE' 'I' @1892  23 (17)
 - public static final 'RL_SHADER_LOC_MAP_PREFILTER' 'I' @1896  24 (18)
 - public static final 'RL_SHADER_LOC_MAP_BRDF' 'I' @1900  25 (19)
 - public static final 'RL_SHADER_LOC_MAP_DIFFUSE' 'I' @1904  15 (f)
 - public static final 'RL_SHADER_LOC_MAP_SPECULAR' 'I' @1908  16 (10)
 - public static final 'RL_SHADER_UNIFORM_FLOAT' 'I' @1912  0
 - public static final 'RL_SHADER_UNIFORM_VEC2' 'I' @1916  1
 - public static final 'RL_SHADER_UNIFORM_VEC3' 'I' @1920  2
 - public static final 'RL_SHADER_UNIFORM_VEC4' 'I' @1924  3
 - public static final 'RL_SHADER_UNIFORM_INT' 'I' @1928  4
 - public static final 'RL_SHADER_UNIFORM_IVEC2' 'I' @1932  5
 - public static final 'RL_SHADER_UNIFORM_IVEC3' 'I' @1936  6
 - public static final 'RL_SHADER_UNIFORM_IVEC4' 'I' @1940  7
 - public static final 'RL_SHADER_UNIFORM_SAMPLER2D' 'I' @1944  8
 - public static final 'RL_SHADER_ATTRIB_FLOAT' 'I' @1948  0
 - public static final 'RL_SHADER_ATTRIB_VEC2' 'I' @1952  1
 - public static final 'RL_SHADER_ATTRIB_VEC3' 'I' @1956  2
 - public static final 'RL_SHADER_ATTRIB_VEC4' 'I' @1960  3
 - public static final 'PHYSAC_MAX_BODIES' 'I' @1964  64 (40)
 - public static final 'PHYSAC_MAX_MANIFOLDS' 'I' @1968  4096 (1000)
 - public static final 'PHYSAC_MAX_VERTICES' 'I' @1972  24 (18)
 - public static final 'PHYSAC_DEFAULT_CIRCLE_VERTICES' 'I' @1976  24 (18)
 - public static final 'PHYSAC_COLLISION_ITERATIONS' 'I' @1980  100 (64)
 - public static final 'PHYSAC_PENETRATION_ALLOWANCE' 'D' @168  0.050000 (a0000000 3fa99999)
 - public static final 'PHYSAC_PENETRATION_CORRECTION' 'D' @176  0.400000 (a0000000 3fd99999)
 - public static final 'PHYSAC_PI' 'D' @184  3.141593 (60000000 400921fb)
 - public static final 'PHYSAC_DEG2RAD' 'D' @192  0.017453 (aaaaaaab 3f91df46)
 - public static final 'PHYSICS_CIRCLE' 'I' @1984  0
 - public static final 'PHYSICS_POLYGON' 'I' @1988  1
 - public static final 'RAYGUI_VERSION' 'Ljava/lang/String;' @120  "3.0"{0x0000000710e8e908} (e21d1d21)
 - public static final 'GUI_STATE_NORMAL' 'I' @1992  0
 - public static final 'GUI_STATE_FOCUSED' 'I' @1996  1
 - public static final 'GUI_STATE_PRESSED' 'I' @2000  2
 - public static final 'GUI_STATE_DISABLED' 'I' @2004  3
 - public static final 'GUI_TEXT_ALIGN_LEFT' 'I' @2008  0
 - public static final 'GUI_TEXT_ALIGN_CENTER' 'I' @2012  1
 - public static final 'GUI_TEXT_ALIGN_RIGHT' 'I' @2016  2
 - public static final 'DEFAULT' 'I' @2020  0
 - public static final 'LABEL' 'I' @2024  1
 - public static final 'BUTTON' 'I' @2028  2
 - public static final 'TOGGLE' 'I' @2032  3
 - public static final 'SLIDER' 'I' @2036  4
 - public static final 'PROGRESSBAR' 'I' @2040  5
 - public static final 'CHECKBOX' 'I' @2044  6
 - public static final 'COMBOBOX' 'I' @2048  7
 - public static final 'DROPDOWNBOX' 'I' @2052  8
 - public static final 'TEXTBOX' 'I' @2056  9
 - public static final 'VALUEBOX' 'I' @2060  10 (a)
 - public static final 'SPINNER' 'I' @2064  11 (b)
 - public static final 'LISTVIEW' 'I' @2068  12 (c)
 - public static final 'COLORPICKER' 'I' @2072  13 (d)
 - public static final 'SCROLLBAR' 'I' @2076  14 (e)
 - public static final 'STATUSBAR' 'I' @2080  15 (f)
 - public static final 'BORDER_COLOR_NORMAL' 'I' @2084  0
 - public static final 'BASE_COLOR_NORMAL' 'I' @2088  1
 - public static final 'TEXT_COLOR_NORMAL' 'I' @2092  2
 - public static final 'BORDER_COLOR_FOCUSED' 'I' @2096  3
 - public static final 'BASE_COLOR_FOCUSED' 'I' @2100  4
 - public static final 'TEXT_COLOR_FOCUSED' 'I' @2104  5
 - public static final 'BORDER_COLOR_PRESSED' 'I' @2108  6
 - public static final 'BASE_COLOR_PRESSED' 'I' @2112  7
 - public static final 'TEXT_COLOR_PRESSED' 'I' @2116  8
 - public static final 'BORDER_COLOR_DISABLED' 'I' @2120  9
 - public static final 'BASE_COLOR_DISABLED' 'I' @2124  10 (a)
 - public static final 'TEXT_COLOR_DISABLED' 'I' @2128  11 (b)
 - public static final 'BORDER_WIDTH' 'I' @2132  12 (c)
 - public static final 'TEXT_PADDING' 'I' @2136  13 (d)
 - public static final 'TEXT_ALIGNMENT' 'I' @2140  14 (e)
 - public static final 'RESERVED' 'I' @2144  15 (f)
 - public static final 'TEXT_SIZE' 'I' @2148  16 (10)
 - public static final 'TEXT_SPACING' 'I' @2152  17 (11)
 - public static final 'LINE_COLOR' 'I' @2156  18 (12)
 - public static final 'BACKGROUND_COLOR' 'I' @2160  19 (13)
 - public static final 'GROUP_PADDING' 'I' @2164  16 (10)
 - public static final 'SLIDER_WIDTH' 'I' @2168  16 (10)
 - public static final 'SLIDER_PADDING' 'I' @2172  17 (11)
 - public static final 'PROGRESS_PADDING' 'I' @2176  16 (10)
 - public static final 'CHECK_PADDING' 'I' @2180  16 (10)
 - public static final 'COMBO_BUTTON_WIDTH' 'I' @2184  16 (10)
 - public static final 'COMBO_BUTTON_PADDING' 'I' @2188  17 (11)
 - public static final 'ARROW_PADDING' 'I' @2192  16 (10)
 - public static final 'DROPDOWN_ITEMS_PADDING' 'I' @2196  17 (11)
 - public static final 'TEXT_INNER_PADDING' 'I' @2200  16 (10)
 - public static final 'TEXT_LINES_PADDING' 'I' @2204  17 (11)
 - public static final 'COLOR_SELECTED_FG' 'I' @2208  18 (12)
 - public static final 'COLOR_SELECTED_BG' 'I' @2212  19 (13)
 - public static final 'SPIN_BUTTON_WIDTH' 'I' @2216  16 (10)
 - public static final 'SPIN_BUTTON_PADDING' 'I' @2220  17 (11)
 - public static final 'ARROWS_SIZE' 'I' @2224  16 (10)
 - public static final 'ARROWS_VISIBLE' 'I' @2228  17 (11)
 - public static final 'SCROLL_SLIDER_PADDING' 'I' @2232  18 (12)
 - public static final 'SCROLL_SLIDER_SIZE' 'I' @2236  19 (13)
 - public static final 'SCROLL_PADDING' 'I' @2240  20 (14)
 - public static final 'SCROLL_SPEED' 'I' @2244  21 (15)
 - public static final 'SCROLLBAR_LEFT_SIDE' 'I' @2248  0
 - public static final 'SCROLLBAR_RIGHT_SIDE' 'I' @2252  1
 - public static final 'LIST_ITEMS_HEIGHT' 'I' @2256  16 (10)
 - public static final 'LIST_ITEMS_PADDING' 'I' @2260  17 (11)
 - public static final 'SCROLLBAR_WIDTH' 'I' @2264  18 (12)
 - public static final 'SCROLLBAR_SIDE' 'I' @2268  19 (13)
 - public static final 'COLOR_SELECTOR_SIZE' 'I' @2272  16 (10)
 - public static final 'HUEBAR_WIDTH' 'I' @2276  17 (11)
 - public static final 'HUEBAR_PADDING' 'I' @2280  18 (12)
 - public static final 'HUEBAR_SELECTOR_HEIGHT' 'I' @2284  19 (13)
 - public static final 'HUEBAR_SELECTOR_OVERFLOW' 'I' @2288  20 (14)
R12=0x0 is NULL
R13={method} {0x0000019e53406350} 'CloseWindow' '()V' in 'com/raylib/Raylib'
R14=0x00000005a6bff810 is pointing into the stack for thread: 0x0000019e2fd1be90
R15=0x0000019e2fd1be90 is a thread


Registers:
RAX=0x0000019e547d6300, RBX=0x0000000000000000, RCX=0x00000005a6bff6c0, RDX=0x00000005a6bff808
RSP=0x00000005a6bff6a0, RBP=0x00000005a6bff7f8, RSI=0x00000000000001d8, RDI=0x0000000000000000
R8 =0x0000000000000002, R9 =0x0000000000000002, R10=0x0000019e3753d5f2, R11=0x0000000710e00090
R12=0x0000000000000000, R13=0x0000019e53406348, R14=0x00000005a6bff810, R15=0x0000019e2fd1be90
RIP=0x00007ffdea195a4c, EFLAGS=0x0000000000010202

Top of Stack: (sp=0x00000005a6bff6a0)
0x00000005a6bff6a0:   00007ffe3d6cf0b0 0000019e3753db03
0x00000005a6bff6b0:   00000005a6bff720 0000019e3f0b3bfe
0x00000005a6bff6c0:   0000019e37539612 0000019e3753d2f6
0x00000005a6bff6d0:   00000005a6bff6d0 0000019e53406348
0x00000005a6bff6e0:   0000019e53406348 00007ffdea12ca8d
0x00000005a6bff6f0:   0000019e375394fe 0000000710e00090
0x00000005a6bff700:   0000019e53406348 0000000000000000
0x00000005a6bff710:   00000005a6bff738 00000005a6bff780
0x00000005a6bff720:   0000019e375394fe 0000000710e00090
0x00000005a6bff730:   0000019e3753af78 00000005a6bff738
0x00000005a6bff740:   0000019e534b01f6 00000005a6bff810
0x00000005a6bff750:   00000005a6bff7f8 00007ffdea0a9729
0x00000005a6bff760:   0000000713af58c8 0000019e534afef8
0x00000005a6bff770:   0000000000000000 00000005a6bff810
0x00000005a6bff780:   00000005a6bff860 0000019e3753d621
0x00000005a6bff790:   0000000000000000 0000000000000000 

Instructions: (pc=0x00007ffdea195a4c)
0x00007ffdea19594c:   10 0f 1f 00 0f 10 03 48 8d 4c 24 20 f2 0f 10 4b
0x00007ffdea19595c:   10 0f 29 44 24 20 f2 0f 11 4c 24 30 e8 f3 70 f8
0x00007ffdea19596c:   ff 48 8d 5b 28 48 83 ef 01 75 d9 48 8b 5c 24 50
0x00007ffdea19597c:   48 8b cd ff 15 6b 9c 01 00 0f 10 46 0c 8b 46 1c
0x00007ffdea19598c:   48 8d 4c 24 20 89 44 24 30 0f 29 44 24 20 e8 11
0x00007ffdea19599c:   71 f8 ff 48 8b 4e 20 ff 15 47 9c 01 00 48 8b 7c
0x00007ffdea1959ac:   24 60 48 8b 6c 24 58 48 83 c4 40 5e c3 cc cc cc
0x00007ffdea1959bc:   cc cc cc cc 48 89 74 24 10 57 48 83 ec 40 48 63
0x00007ffdea1959cc:   fa 48 8b f1 85 d2 7e 38 48 89 5c 24 50 48 8d 59
0x00007ffdea1959dc:   10 0f 1f 00 0f 10 03 48 8d 4c 24 20 f2 0f 10 4b
0x00007ffdea1959ec:   10 0f 29 44 24 20 f2 0f 11 4c 24 30 e8 63 70 f8
0x00007ffdea1959fc:   ff 48 8d 5b 28 48 83 ef 01 75 d9 48 8b 5c 24 50
0x00007ffdea195a0c:   48 8b ce 48 8b 74 24 58 48 83 c4 40 5f 48 ff 25
0x00007ffdea195a1c:   d0 9b 01 00 40 53 48 83 ec 40 33 db 39 1d 46 e5
0x00007ffdea195a2c:   0d 00 7e 4a 48 89 7c 24 50 8b fb 66 0f 1f 84 00
0x00007ffdea195a3c:   00 00 00 00 48 8b 05 51 e5 0d 00 48 8d 4c 24 20
0x00007ffdea195a4c:   0f 10 44 07 10 f2 0f 10 4c 07 20 0f 29 44 24 20
0x00007ffdea195a5c:   f2 0f 11 4c 24 30 e8 f9 6f f8 ff ff c3 48 8d 7f
0x00007ffdea195a6c:   28 3b 1d 01 e5 0d 00 7c cb 48 8b 7c 24 50 0f 10
0x00007ffdea195a7c:   05 fb e4 0d 00 8b 05 05 e5 0d 00 48 8d 4c 24 20
0x00007ffdea195a8c:   89 44 24 30 0f 29 44 24 20 e8 16 70 f8 ff 48 8b
0x00007ffdea195a9c:   0d f7 e4 0d 00 ff 15 49 9b 01 00 48 8b 0d e2 e4
0x00007ffdea195aac:   0d 00 48 83 c4 40 5b 48 ff 25 36 9b 01 00 cc cc
0x00007ffdea195abc:   cc cc cc cc 8b 41 08 3b 42 08 7f 12 7d 06 b8 01
0x00007ffdea195acc:   00 00 00 c3 8b 49 04 8b 52 04 3b ca 7e 06 b8 ff
0x00007ffdea195adc:   ff ff ff c3 33 c0 3b ca 0f 9c c0 c3 cc cc cc cc
0x00007ffdea195aec:   cc cc cc cc 44 8b 41 14 8b 4a 14 44 3b c1 7d 06
0x00007ffdea195afc:   b8 ff ff ff ff c3 33 c0 44 3b c1 0f 9f c0 c3 cc
0x00007ffdea195b0c:   cc cc cc cc 44 89 4c 24 20 48 89 54 24 10 48 89
0x00007ffdea195b1c:   4c 24 08 53 57 41 54 41 55 41 56 48 81 ec 90 00
0x00007ffdea195b2c:   00 00 45 8d 60 ff 41 8b d9 44 03 62 08 4c 8b ca
0x00007ffdea195b3c:   41 8b c4 45 33 ed 99 4c 89 6c 24 40 41 bb 00 00 


Stack slot to memory mapping:
stack at sp + 0 slots: 0x00007ffe3d6cf0b0 ucrtbase.dll
stack at sp + 1 slots: 0x0000019e3753db03 is at code_begin+2243 in an Interpreter codelet
method entry point (kind = native)  [0x0000019e3753d240, 0x0000019e3753dbc0]  2432 bytes
stack at sp + 2 slots: 0x00000005a6bff720 is pointing into the stack for thread: 0x0000019e2fd1be90
stack at sp + 3 slots: 0x0000019e3f0b3bfe is at entry_point+222 in (nmethod*)0x0000019e3f0b3990
stack at sp + 4 slots: 0x0000019e37539612 is at code_begin+1394 in an Interpreter codelet
return entry points  [0x0000019e375390a0, 0x0000019e37539ba0]  2816 bytes
stack at sp + 5 slots: 0x0000019e3753d2f6 is at code_begin+182 in an Interpreter codelet
method entry point (kind = native)  [0x0000019e3753d240, 0x0000019e3753dbc0]  2432 bytes
stack at sp + 6 slots: 0x00000005a6bff6d0 is pointing into the stack for thread: 0x0000019e2fd1be90
stack at sp + 7 slots: {method} {0x0000019e53406350} 'CloseWindow' '()V' in 'com/raylib/Raylib'


---------------  P R O C E S S  ---------------

Threads class SMR info:
_java_thread_list=0x0000019e5577d9a0, length=13, elements={
0x0000019e2fd1be90, 0x0000019e52c809e0, 0x0000019e52c81590, 0x0000019e52c956d0,
0x0000019e52c9a0b0, 0x0000019e52c9aa60, 0x0000019e52c9b410, 0x0000019e52c9c1a0,
0x0000019e52ca8150, 0x0000019e52cb1310, 0x0000019e539128e0, 0x0000019e53914400,
0x0000019e54c52f90
}

Java Threads: ( => current thread )
=>0x0000019e2fd1be90 JavaThread "main" [_thread_in_native, id=18476, stack(0x00000005a6b00000,0x00000005a6c00000)]
  0x0000019e52c809e0 JavaThread "Reference Handler" daemon [_thread_blocked, id=7736, stack(0x00000005a7200000,0x00000005a7300000)]
  0x0000019e52c81590 JavaThread "Finalizer" daemon [_thread_blocked, id=10968, stack(0x00000005a7300000,0x00000005a7400000)]
  0x0000019e52c956d0 JavaThread "Signal Dispatcher" daemon [_thread_blocked, id=11780, stack(0x00000005a7400000,0x00000005a7500000)]
  0x0000019e52c9a0b0 JavaThread "Attach Listener" daemon [_thread_blocked, id=20924, stack(0x00000005a7500000,0x00000005a7600000)]
  0x0000019e52c9aa60 JavaThread "Service Thread" daemon [_thread_blocked, id=3328, stack(0x00000005a7600000,0x00000005a7700000)]
  0x0000019e52c9b410 JavaThread "Monitor Deflation Thread" daemon [_thread_blocked, id=4428, stack(0x00000005a7700000,0x00000005a7800000)]
  0x0000019e52c9c1a0 JavaThread "C2 CompilerThread0" daemon [_thread_blocked, id=17604, stack(0x00000005a7800000,0x00000005a7900000)]
  0x0000019e52ca8150 JavaThread "C1 CompilerThread0" daemon [_thread_blocked, id=4956, stack(0x00000005a7900000,0x00000005a7a00000)]
  0x0000019e52cb1310 JavaThread "Sweeper thread" daemon [_thread_blocked, id=9284, stack(0x00000005a7a00000,0x00000005a7b00000)]
  0x0000019e539128e0 JavaThread "Notification Thread" daemon [_thread_blocked, id=16980, stack(0x00000005a7b00000,0x00000005a7c00000)]
  0x0000019e53914400 JavaThread "Common-Cleaner" daemon [_thread_blocked, id=7356, stack(0x00000005a7d00000,0x00000005a7e00000)]
  0x0000019e54c52f90 JavaThread "JavaCPP Deallocator" daemon [_thread_blocked, id=22484, stack(0x00000005a8500000,0x00000005a8600000)]

Other Threads:
  0x0000019e52c7af30 VMThread "VM Thread" [stack: 0x00000005a7100000,0x00000005a7200000] [id=4472]
  0x0000019e2fd90310 WatcherThread [stack: 0x00000005a7c00000,0x00000005a7d00000] [id=5068]
  0x0000019e2fd6bbc0 GCTaskThread "GC Thread#0" [stack: 0x00000005a6c00000,0x00000005a6d00000] [id=20140]
  0x0000019e53d23680 GCTaskThread "GC Thread#1" [stack: 0x00000005a8000000,0x00000005a8100000] [id=3056]
  0x0000019e5474a760 GCTaskThread "GC Thread#2" [stack: 0x00000005a8100000,0x00000005a8200000] [id=19516]
  0x0000019e542851d0 GCTaskThread "GC Thread#3" [stack: 0x00000005a8200000,0x00000005a8300000] [id=19956]
  0x0000019e54304690 GCTaskThread "GC Thread#4" [stack: 0x00000005a8300000,0x00000005a8400000] [id=5060]
  0x0000019e54304940 GCTaskThread "GC Thread#5" [stack: 0x00000005a8400000,0x00000005a8500000] [id=6124]
  0x0000019e2fd7d710 ConcurrentGCThread "G1 Main Marker" [stack: 0x00000005a6d00000,0x00000005a6e00000] [id=7944]
  0x0000019e2fd7e130 ConcurrentGCThread "G1 Conc#0" [stack: 0x00000005a6e00000,0x00000005a6f00000] [id=17876]
  0x0000019e2fdfdbc0 ConcurrentGCThread "G1 Refine#0" [stack: 0x00000005a6f00000,0x00000005a7000000] [id=9760]
  0x0000019e2fdfe5e0 ConcurrentGCThread "G1 Service" [stack: 0x00000005a7000000,0x00000005a7100000] [id=15228]

Threads with active compile tasks:

VM state: not at safepoint (normal execution)

VM Mutex/Monitor currently owned by a thread: None

Heap address: 0x0000000704000000, size: 4032 MB, Compressed Oops mode: Zero based, Oop shift amount: 3

CDS archive(s) mapped at: [0x0000000800000000-0x0000000800bc0000-0x0000000800bc0000), size 12320768, SharedBaseAddress: 0x0000000800000000, ArchiveRelocationMode: 0.
Compressed class space mapped at: 0x0000000800c00000-0x0000000840c00000, reserved size: 1073741824
Narrow klass base: 0x0000000800000000, Narrow klass shift: 0, Narrow klass range: 0x100000000

GC Precious Log:
 CPUs: 12 total, 12 available
 Memory: 16121M
 Large Page Support: Disabled
 NUMA Support: Disabled
 Compressed Oops: Enabled (Zero based)
 Heap Region Size: 2M
 Heap Min Capacity: 8M
 Heap Initial Capacity: 252M
 Heap Max Capacity: 4032M
 Pre-touch: Disabled
 Parallel Workers: 10
 Concurrent Workers: 3
 Concurrent Refinement Workers: 10
 Periodic GC: Disabled

Heap:
 garbage-first heap   total 258048K, used 3515K [0x0000000704000000, 0x0000000800000000)
  region size 2048K, 3 young (6144K), 1 survivors (2048K)
 Metaspace       used 2322K, committed 2432K, reserved 1056768K
  class space    used 206K, committed 256K, reserved 1048576K

Heap Regions: E=young(eden), S=young(survivor), O=old, HS=humongous(starts), HC=humongous(continues), CS=collection set, F=free, OA=open archive, CA=closed archive, TAMS=top-at-mark-start (previous, next)
|   0|0x0000000704000000, 0x0000000704000000, 0x0000000704200000|  0%| F|  |TAMS 0x0000000704000000, 0x0000000704000000| Untracked 
|   1|0x0000000704200000, 0x0000000704200000, 0x0000000704400000|  0%| F|  |TAMS 0x0000000704200000, 0x0000000704200000| Untracked 
|   2|0x0000000704400000, 0x0000000704400000, 0x0000000704600000|  0%| F|  |TAMS 0x0000000704400000, 0x0000000704400000| Untracked 
|   3|0x0000000704600000, 0x0000000704600000, 0x0000000704800000|  0%| F|  |TAMS 0x0000000704600000, 0x0000000704600000| Untracked 
|   4|0x0000000704800000, 0x0000000704800000, 0x0000000704a00000|  0%| F|  |TAMS 0x0000000704800000, 0x0000000704800000| Untracked 
|   5|0x0000000704a00000, 0x0000000704a00000, 0x0000000704c00000|  0%| F|  |TAMS 0x0000000704a00000, 0x0000000704a00000| Untracked 
|   6|0x0000000704c00000, 0x0000000704c00000, 0x0000000704e00000|  0%| F|  |TAMS 0x0000000704c00000, 0x0000000704c00000| Untracked 
|   7|0x0000000704e00000, 0x0000000704e00000, 0x0000000705000000|  0%| F|  |TAMS 0x0000000704e00000, 0x0000000704e00000| Untracked 
|   8|0x0000000705000000, 0x0000000705000000, 0x0000000705200000|  0%| F|  |TAMS 0x0000000705000000, 0x0000000705000000| Untracked 
|   9|0x0000000705200000, 0x0000000705200000, 0x0000000705400000|  0%| F|  |TAMS 0x0000000705200000, 0x0000000705200000| Untracked 
|  10|0x0000000705400000, 0x0000000705400000, 0x0000000705600000|  0%| F|  |TAMS 0x0000000705400000, 0x0000000705400000| Untracked 
|  11|0x0000000705600000, 0x0000000705600000, 0x0000000705800000|  0%| F|  |TAMS 0x0000000705600000, 0x0000000705600000| Untracked 
|  12|0x0000000705800000, 0x0000000705800000, 0x0000000705a00000|  0%| F|  |TAMS 0x0000000705800000, 0x0000000705800000| Untracked 
|  13|0x0000000705a00000, 0x0000000705a00000, 0x0000000705c00000|  0%| F|  |TAMS 0x0000000705a00000, 0x0000000705a00000| Untracked 
|  14|0x0000000705c00000, 0x0000000705c00000, 0x0000000705e00000|  0%| F|  |TAMS 0x0000000705c00000, 0x0000000705c00000| Untracked 
|  15|0x0000000705e00000, 0x0000000705e00000, 0x0000000706000000|  0%| F|  |TAMS 0x0000000705e00000, 0x0000000705e00000| Untracked 
|  16|0x0000000706000000, 0x0000000706000000, 0x0000000706200000|  0%| F|  |TAMS 0x0000000706000000, 0x0000000706000000| Untracked 
|  17|0x0000000706200000, 0x0000000706200000, 0x0000000706400000|  0%| F|  |TAMS 0x0000000706200000, 0x0000000706200000| Untracked 
|  18|0x0000000706400000, 0x0000000706400000, 0x0000000706600000|  0%| F|  |TAMS 0x0000000706400000, 0x0000000706400000| Untracked 
|  19|0x0000000706600000, 0x0000000706600000, 0x0000000706800000|  0%| F|  |TAMS 0x0000000706600000, 0x0000000706600000| Untracked 
|  20|0x0000000706800000, 0x0000000706800000, 0x0000000706a00000|  0%| F|  |TAMS 0x0000000706800000, 0x0000000706800000| Untracked 
|  21|0x0000000706a00000, 0x0000000706a00000, 0x0000000706c00000|  0%| F|  |TAMS 0x0000000706a00000, 0x0000000706a00000| Untracked 
|  22|0x0000000706c00000, 0x0000000706c00000, 0x0000000706e00000|  0%| F|  |TAMS 0x0000000706c00000, 0x0000000706c00000| Untracked 
|  23|0x0000000706e00000, 0x0000000706e00000, 0x0000000707000000|  0%| F|  |TAMS 0x0000000706e00000, 0x0000000706e00000| Untracked 
|  24|0x0000000707000000, 0x0000000707000000, 0x0000000707200000|  0%| F|  |TAMS 0x0000000707000000, 0x0000000707000000| Untracked 
|  25|0x0000000707200000, 0x0000000707200000, 0x0000000707400000|  0%| F|  |TAMS 0x0000000707200000, 0x0000000707200000| Untracked 
|  26|0x0000000707400000, 0x0000000707400000, 0x0000000707600000|  0%| F|  |TAMS 0x0000000707400000, 0x0000000707400000| Untracked 
|  27|0x0000000707600000, 0x0000000707600000, 0x0000000707800000|  0%| F|  |TAMS 0x0000000707600000, 0x0000000707600000| Untracked 
|  28|0x0000000707800000, 0x0000000707800000, 0x0000000707a00000|  0%| F|  |TAMS 0x0000000707800000, 0x0000000707800000| Untracked 
|  29|0x0000000707a00000, 0x0000000707a00000, 0x0000000707c00000|  0%| F|  |TAMS 0x0000000707a00000, 0x0000000707a00000| Untracked 
|  30|0x0000000707c00000, 0x0000000707c00000, 0x0000000707e00000|  0%| F|  |TAMS 0x0000000707c00000, 0x0000000707c00000| Untracked 
|  31|0x0000000707e00000, 0x0000000707e00000, 0x0000000708000000|  0%| F|  |TAMS 0x0000000707e00000, 0x0000000707e00000| Untracked 
|  32|0x0000000708000000, 0x0000000708000000, 0x0000000708200000|  0%| F|  |TAMS 0x0000000708000000, 0x0000000708000000| Untracked 
|  33|0x0000000708200000, 0x0000000708200000, 0x0000000708400000|  0%| F|  |TAMS 0x0000000708200000, 0x0000000708200000| Untracked 
|  34|0x0000000708400000, 0x0000000708400000, 0x0000000708600000|  0%| F|  |TAMS 0x0000000708400000, 0x0000000708400000| Untracked 
|  35|0x0000000708600000, 0x0000000708600000, 0x0000000708800000|  0%| F|  |TAMS 0x0000000708600000, 0x0000000708600000| Untracked 
|  36|0x0000000708800000, 0x0000000708800000, 0x0000000708a00000|  0%| F|  |TAMS 0x0000000708800000, 0x0000000708800000| Untracked 
|  37|0x0000000708a00000, 0x0000000708a00000, 0x0000000708c00000|  0%| F|  |TAMS 0x0000000708a00000, 0x0000000708a00000| Untracked 
|  38|0x0000000708c00000, 0x0000000708c00000, 0x0000000708e00000|  0%| F|  |TAMS 0x0000000708c00000, 0x0000000708c00000| Untracked 
|  39|0x0000000708e00000, 0x0000000708e00000, 0x0000000709000000|  0%| F|  |TAMS 0x0000000708e00000, 0x0000000708e00000| Untracked 
|  40|0x0000000709000000, 0x0000000709000000, 0x0000000709200000|  0%| F|  |TAMS 0x0000000709000000, 0x0000000709000000| Untracked 
|  41|0x0000000709200000, 0x0000000709200000, 0x0000000709400000|  0%| F|  |TAMS 0x0000000709200000, 0x0000000709200000| Untracked 
|  42|0x0000000709400000, 0x0000000709400000, 0x0000000709600000|  0%| F|  |TAMS 0x0000000709400000, 0x0000000709400000| Untracked 
|  43|0x0000000709600000, 0x0000000709600000, 0x0000000709800000|  0%| F|  |TAMS 0x0000000709600000, 0x0000000709600000| Untracked 
|  44|0x0000000709800000, 0x0000000709800000, 0x0000000709a00000|  0%| F|  |TAMS 0x0000000709800000, 0x0000000709800000| Untracked 
|  45|0x0000000709a00000, 0x0000000709a00000, 0x0000000709c00000|  0%| F|  |TAMS 0x0000000709a00000, 0x0000000709a00000| Untracked 
|  46|0x0000000709c00000, 0x0000000709c00000, 0x0000000709e00000|  0%| F|  |TAMS 0x0000000709c00000, 0x0000000709c00000| Untracked 
|  47|0x0000000709e00000, 0x0000000709e00000, 0x000000070a000000|  0%| F|  |TAMS 0x0000000709e00000, 0x0000000709e00000| Untracked 
|  48|0x000000070a000000, 0x000000070a000000, 0x000000070a200000|  0%| F|  |TAMS 0x000000070a000000, 0x000000070a000000| Untracked 
|  49|0x000000070a200000, 0x000000070a200000, 0x000000070a400000|  0%| F|  |TAMS 0x000000070a200000, 0x000000070a200000| Untracked 
|  50|0x000000070a400000, 0x000000070a400000, 0x000000070a600000|  0%| F|  |TAMS 0x000000070a400000, 0x000000070a400000| Untracked 
|  51|0x000000070a600000, 0x000000070a600000, 0x000000070a800000|  0%| F|  |TAMS 0x000000070a600000, 0x000000070a600000| Untracked 
|  52|0x000000070a800000, 0x000000070a800000, 0x000000070aa00000|  0%| F|  |TAMS 0x000000070a800000, 0x000000070a800000| Untracked 
|  53|0x000000070aa00000, 0x000000070aa00000, 0x000000070ac00000|  0%| F|  |TAMS 0x000000070aa00000, 0x000000070aa00000| Untracked 
|  54|0x000000070ac00000, 0x000000070ac00000, 0x000000070ae00000|  0%| F|  |TAMS 0x000000070ac00000, 0x000000070ac00000| Untracked 
|  55|0x000000070ae00000, 0x000000070ae00000, 0x000000070b000000|  0%| F|  |TAMS 0x000000070ae00000, 0x000000070ae00000| Untracked 
|  56|0x000000070b000000, 0x000000070b000000, 0x000000070b200000|  0%| F|  |TAMS 0x000000070b000000, 0x000000070b000000| Untracked 
|  57|0x000000070b200000, 0x000000070b200000, 0x000000070b400000|  0%| F|  |TAMS 0x000000070b200000, 0x000000070b200000| Untracked 
|  58|0x000000070b400000, 0x000000070b400000, 0x000000070b600000|  0%| F|  |TAMS 0x000000070b400000, 0x000000070b400000| Untracked 
|  59|0x000000070b600000, 0x000000070b600000, 0x000000070b800000|  0%| F|  |TAMS 0x000000070b600000, 0x000000070b600000| Untracked 
|  60|0x000000070b800000, 0x000000070b800000, 0x000000070ba00000|  0%| F|  |TAMS 0x000000070b800000, 0x000000070b800000| Untracked 
|  61|0x000000070ba00000, 0x000000070ba00000, 0x000000070bc00000|  0%| F|  |TAMS 0x000000070ba00000, 0x000000070ba00000| Untracked 
|  62|0x000000070bc00000, 0x000000070bc00000, 0x000000070be00000|  0%| F|  |TAMS 0x000000070bc00000, 0x000000070bc00000| Untracked 
|  63|0x000000070be00000, 0x000000070be00000, 0x000000070c000000|  0%| F|  |TAMS 0x000000070be00000, 0x000000070be00000| Untracked 
|  64|0x000000070c000000, 0x000000070c000000, 0x000000070c200000|  0%| F|  |TAMS 0x000000070c000000, 0x000000070c000000| Untracked 
|  65|0x000000070c200000, 0x000000070c200000, 0x000000070c400000|  0%| F|  |TAMS 0x000000070c200000, 0x000000070c200000| Untracked 
|  66|0x000000070c400000, 0x000000070c400000, 0x000000070c600000|  0%| F|  |TAMS 0x000000070c400000, 0x000000070c400000| Untracked 
|  67|0x000000070c600000, 0x000000070c600000, 0x000000070c800000|  0%| F|  |TAMS 0x000000070c600000, 0x000000070c600000| Untracked 
|  68|0x000000070c800000, 0x000000070c800000, 0x000000070ca00000|  0%| F|  |TAMS 0x000000070c800000, 0x000000070c800000| Untracked 
|  69|0x000000070ca00000, 0x000000070ca00000, 0x000000070cc00000|  0%| F|  |TAMS 0x000000070ca00000, 0x000000070ca00000| Untracked 
|  70|0x000000070cc00000, 0x000000070cc00000, 0x000000070ce00000|  0%| F|  |TAMS 0x000000070cc00000, 0x000000070cc00000| Untracked 
|  71|0x000000070ce00000, 0x000000070ce00000, 0x000000070d000000|  0%| F|  |TAMS 0x000000070ce00000, 0x000000070ce00000| Untracked 
|  72|0x000000070d000000, 0x000000070d000000, 0x000000070d200000|  0%| F|  |TAMS 0x000000070d000000, 0x000000070d000000| Untracked 
|  73|0x000000070d200000, 0x000000070d200000, 0x000000070d400000|  0%| F|  |TAMS 0x000000070d200000, 0x000000070d200000| Untracked 
|  74|0x000000070d400000, 0x000000070d400000, 0x000000070d600000|  0%| F|  |TAMS 0x000000070d400000, 0x000000070d400000| Untracked 
|  75|0x000000070d600000, 0x000000070d600000, 0x000000070d800000|  0%| F|  |TAMS 0x000000070d600000, 0x000000070d600000| Untracked 
|  76|0x000000070d800000, 0x000000070d800000, 0x000000070da00000|  0%| F|  |TAMS 0x000000070d800000, 0x000000070d800000| Untracked 
|  77|0x000000070da00000, 0x000000070da00000, 0x000000070dc00000|  0%| F|  |TAMS 0x000000070da00000, 0x000000070da00000| Untracked 
|  78|0x000000070dc00000, 0x000000070dc00000, 0x000000070de00000|  0%| F|  |TAMS 0x000000070dc00000, 0x000000070dc00000| Untracked 
|  79|0x000000070de00000, 0x000000070de00000, 0x000000070e000000|  0%| F|  |TAMS 0x000000070de00000, 0x000000070de00000| Untracked 
|  80|0x000000070e000000, 0x000000070e000000, 0x000000070e200000|  0%| F|  |TAMS 0x000000070e000000, 0x000000070e000000| Untracked 
|  81|0x000000070e200000, 0x000000070e200000, 0x000000070e400000|  0%| F|  |TAMS 0x000000070e200000, 0x000000070e200000| Untracked 
|  82|0x000000070e400000, 0x000000070e400000, 0x000000070e600000|  0%| F|  |TAMS 0x000000070e400000, 0x000000070e400000| Untracked 
|  83|0x000000070e600000, 0x000000070e600000, 0x000000070e800000|  0%| F|  |TAMS 0x000000070e600000, 0x000000070e600000| Untracked 
|  84|0x000000070e800000, 0x000000070e800000, 0x000000070ea00000|  0%| F|  |TAMS 0x000000070e800000, 0x000000070e800000| Untracked 
|  85|0x000000070ea00000, 0x000000070ea00000, 0x000000070ec00000|  0%| F|  |TAMS 0x000000070ea00000, 0x000000070ea00000| Untracked 
|  86|0x000000070ec00000, 0x000000070ec00000, 0x000000070ee00000|  0%| F|  |TAMS 0x000000070ec00000, 0x000000070ec00000| Untracked 
|  87|0x000000070ee00000, 0x000000070ee00000, 0x000000070f000000|  0%| F|  |TAMS 0x000000070ee00000, 0x000000070ee00000| Untracked 
|  88|0x000000070f000000, 0x000000070f000000, 0x000000070f200000|  0%| F|  |TAMS 0x000000070f000000, 0x000000070f000000| Untracked 
|  89|0x000000070f200000, 0x000000070f200000, 0x000000070f400000|  0%| F|  |TAMS 0x000000070f200000, 0x000000070f200000| Untracked 
|  90|0x000000070f400000, 0x000000070f400000, 0x000000070f600000|  0%| F|  |TAMS 0x000000070f400000, 0x000000070f400000| Untracked 
|  91|0x000000070f600000, 0x000000070f600000, 0x000000070f800000|  0%| F|  |TAMS 0x000000070f600000, 0x000000070f600000| Untracked 
|  92|0x000000070f800000, 0x000000070f800000, 0x000000070fa00000|  0%| F|  |TAMS 0x000000070f800000, 0x000000070f800000| Untracked 
|  93|0x000000070fa00000, 0x000000070fa00000, 0x000000070fc00000|  0%| F|  |TAMS 0x000000070fa00000, 0x000000070fa00000| Untracked 
|  94|0x000000070fc00000, 0x000000070fc00000, 0x000000070fe00000|  0%| F|  |TAMS 0x000000070fc00000, 0x000000070fc00000| Untracked 
|  95|0x000000070fe00000, 0x000000070fe00000, 0x0000000710000000|  0%| F|  |TAMS 0x000000070fe00000, 0x000000070fe00000| Untracked 
|  96|0x0000000710000000, 0x0000000710000000, 0x0000000710200000|  0%| F|  |TAMS 0x0000000710000000, 0x0000000710000000| Untracked 
|  97|0x0000000710200000, 0x0000000710200000, 0x0000000710400000|  0%| F|  |TAMS 0x0000000710200000, 0x0000000710200000| Untracked 
|  98|0x0000000710400000, 0x0000000710400000, 0x0000000710600000|  0%| F|  |TAMS 0x0000000710400000, 0x0000000710400000| Untracked 
|  99|0x0000000710600000, 0x0000000710600000, 0x0000000710800000|  0%| F|  |TAMS 0x0000000710600000, 0x0000000710600000| Untracked 
| 100|0x0000000710800000, 0x0000000710800000, 0x0000000710a00000|  0%| F|  |TAMS 0x0000000710800000, 0x0000000710800000| Untracked 
| 101|0x0000000710a00000, 0x0000000710a00000, 0x0000000710c00000|  0%| F|  |TAMS 0x0000000710a00000, 0x0000000710a00000| Untracked 
| 102|0x0000000710c00000, 0x0000000710c00000, 0x0000000710e00000|  0%| F|  |TAMS 0x0000000710c00000, 0x0000000710c00000| Untracked 
| 103|0x0000000710e00000, 0x0000000710f6ee78, 0x0000000711000000| 71%| S|CS|TAMS 0x0000000710e00000, 0x0000000710e00000| Complete 
| 104|0x0000000711000000, 0x0000000711000000, 0x0000000711200000|  0%| F|  |TAMS 0x0000000711000000, 0x0000000711000000| Untracked 
| 105|0x0000000711200000, 0x0000000711200000, 0x0000000711400000|  0%| F|  |TAMS 0x0000000711200000, 0x0000000711200000| Untracked 
| 106|0x0000000711400000, 0x0000000711400000, 0x0000000711600000|  0%| F|  |TAMS 0x0000000711400000, 0x0000000711400000| Untracked 
| 107|0x0000000711600000, 0x0000000711600000, 0x0000000711800000|  0%| F|  |TAMS 0x0000000711600000, 0x0000000711600000| Untracked 
| 108|0x0000000711800000, 0x0000000711800000, 0x0000000711a00000|  0%| F|  |TAMS 0x0000000711800000, 0x0000000711800000| Untracked 
| 109|0x0000000711a00000, 0x0000000711a00000, 0x0000000711c00000|  0%| F|  |TAMS 0x0000000711a00000, 0x0000000711a00000| Untracked 
| 110|0x0000000711c00000, 0x0000000711c00000, 0x0000000711e00000|  0%| F|  |TAMS 0x0000000711c00000, 0x0000000711c00000| Untracked 
| 111|0x0000000711e00000, 0x0000000711e00000, 0x0000000712000000|  0%| F|  |TAMS 0x0000000711e00000, 0x0000000711e00000| Untracked 
| 112|0x0000000712000000, 0x0000000712000000, 0x0000000712200000|  0%| F|  |TAMS 0x0000000712000000, 0x0000000712000000| Untracked 
| 113|0x0000000712200000, 0x0000000712200000, 0x0000000712400000|  0%| F|  |TAMS 0x0000000712200000, 0x0000000712200000| Untracked 
| 114|0x0000000712400000, 0x0000000712400000, 0x0000000712600000|  0%| F|  |TAMS 0x0000000712400000, 0x0000000712400000| Untracked 
| 115|0x0000000712600000, 0x0000000712600000, 0x0000000712800000|  0%| F|  |TAMS 0x0000000712600000, 0x0000000712600000| Untracked 
| 116|0x0000000712800000, 0x0000000712800000, 0x0000000712a00000|  0%| F|  |TAMS 0x0000000712800000, 0x0000000712800000| Untracked 
| 117|0x0000000712a00000, 0x0000000712a00000, 0x0000000712c00000|  0%| F|  |TAMS 0x0000000712a00000, 0x0000000712a00000| Untracked 
| 118|0x0000000712c00000, 0x0000000712c00000, 0x0000000712e00000|  0%| F|  |TAMS 0x0000000712c00000, 0x0000000712c00000| Untracked 
| 119|0x0000000712e00000, 0x0000000712e00000, 0x0000000713000000|  0%| F|  |TAMS 0x0000000712e00000, 0x0000000712e00000| Untracked 
| 120|0x0000000713000000, 0x0000000713000000, 0x0000000713200000|  0%| F|  |TAMS 0x0000000713000000, 0x0000000713000000| Untracked 
| 121|0x0000000713200000, 0x0000000713200000, 0x0000000713400000|  0%| F|  |TAMS 0x0000000713200000, 0x0000000713200000| Untracked 
| 122|0x0000000713400000, 0x0000000713400000, 0x0000000713600000|  0%| F|  |TAMS 0x0000000713400000, 0x0000000713400000| Untracked 
| 123|0x0000000713600000, 0x0000000713600000, 0x0000000713800000|  0%| F|  |TAMS 0x0000000713600000, 0x0000000713600000| Untracked 
| 124|0x0000000713800000, 0x0000000713a00000, 0x0000000713a00000|100%| E|  |TAMS 0x0000000713800000, 0x0000000713800000| Complete 
| 125|0x0000000713a00000, 0x0000000713c00000, 0x0000000713c00000|100%| E|CS|TAMS 0x0000000713a00000, 0x0000000713a00000| Complete 

Card table byte_map: [0x0000019e47270000,0x0000019e47a50000] _byte_map_base: 0x0000019e43a50000

Marking Bits (Prev, Next): (CMBitMap*) 0x0000019e2fd6d1e0, (CMBitMap*) 0x0000019e2fd6d220
 Prev Bits: [0x0000019e48230000, 0x0000019e4c130000)
 Next Bits: [0x0000019e4c130000, 0x0000019e50030000)

Polling page: 0x0000019e2dc80000

Metaspace:

Usage:
  Non-class:      2.07 MB used.
      Class:    206.19 KB used.
       Both:      2.27 MB used.

Virtual space:
  Non-class space:        8.00 MB reserved,       2.12 MB ( 27%) committed,  1 nodes.
      Class space:        1.00 GB reserved,     256.00 KB ( <1%) committed,  1 nodes.
             Both:        1.01 GB reserved,       2.38 MB ( <1%) committed. 

Chunk freelists:
   Non-Class:  3.29 MB
       Class:  3.66 MB
        Both:  6.96 MB

MaxMetaspaceSize: unlimited
CompressedClassSpaceSize: 1.00 GB
Initial GC threshold: 21.00 MB
Current GC threshold: 21.00 MB
CDS: on
MetaspaceReclaimPolicy: balanced
 - commit_granule_bytes: 65536.
 - commit_granule_words: 8192.
 - virtual_space_node_default_size: 1048576.
 - enlarge_chunks_in_place: 1.
 - new_chunks_are_fully_committed: 0.
 - uncommit_free_chunks: 1.
 - use_allocation_guard: 0.
 - handle_deallocations: 1.


Internal statistics:

num_allocs_failed_limit: 0.
num_arena_births: 24.
num_arena_deaths: 0.
num_vsnodes_births: 2.
num_vsnodes_deaths: 0.
num_space_committed: 38.
num_space_uncommitted: 0.
num_chunks_returned_to_freelist: 0.
num_chunks_taken_from_freelist: 64.
num_chunk_merges: 0.
num_chunk_splits: 40.
num_chunks_enlarged: 29.
num_purges: 0.
num_inconsistent_stats: 0.

CodeHeap 'non-profiled nmethods': size=120000Kb used=753Kb max_used=753Kb free=119246Kb
 bounds [0x0000019e3f000000, 0x0000019e3f270000, 0x0000019e46530000]
CodeHeap 'profiled nmethods': size=120000Kb used=1349Kb max_used=1349Kb free=118650Kb
 bounds [0x0000019e37ad0000, 0x0000019e37d40000, 0x0000019e3f000000]
CodeHeap 'non-nmethods': size=5760Kb used=1171Kb max_used=1232Kb free=4588Kb
 bounds [0x0000019e37530000, 0x0000019e377a0000, 0x0000019e37ad0000]
 total_blobs=1251 nmethods=796 adapters=368
 compilation: enabled
              stopped_count=0, restarted_count=0
 full_count=0

Compilation events (20 events):
Event: 22.861 Thread 0x0000019e52ca8150  792   !   3       java.io.BufferedWriter::write (117 bytes)
Event: 22.862 Thread 0x0000019e52ca8150 nmethod 792 0x0000019e37c1ed90 code [0x0000019e37c1ef80, 0x0000019e37c1f588]
Event: 22.862 Thread 0x0000019e52ca8150  793       3       java.io.BufferedWriter::min (9 bytes)
Event: 22.862 Thread 0x0000019e52ca8150 nmethod 793 0x0000019e37c1f910 code [0x0000019e37c1faa0, 0x0000019e37c1fc18]
Event: 22.862 Thread 0x0000019e52ca8150  794       3       sun.nio.cs.StreamEncoder::ensureOpen (18 bytes)
Event: 22.862 Thread 0x0000019e52ca8150 nmethod 794 0x0000019e37c1fc90 code [0x0000019e37c1fe40, 0x0000019e37c20048]
Event: 22.862 Thread 0x0000019e52ca8150  795       1       java.nio.DirectByteBuffer::isReadOnly (2 bytes)
Event: 22.862 Thread 0x0000019e52ca8150 nmethod 795 0x0000019e3f0baa10 code [0x0000019e3f0baba0, 0x0000019e3f0bac78]
Event: 22.879 Thread 0x0000019e52ca8150  796       3       java.nio.MappedByteBuffer::rewind (5 bytes)
Event: 22.879 Thread 0x0000019e52ca8150 nmethod 796 0x0000019e37c20110 code [0x0000019e37c202c0, 0x0000019e37c204f8]
Event: 22.879 Thread 0x0000019e52ca8150  797       3       java.nio.MappedByteBuffer::rewind (7 bytes)
Event: 22.879 Thread 0x0000019e52ca8150 nmethod 797 0x0000019e37c20610 code [0x0000019e37c207c0, 0x0000019e37c20998]
Event: 22.879 Thread 0x0000019e52ca8150  798       3       java.lang.StringBuilder::append (10 bytes)
Event: 22.879 Thread 0x0000019e52ca8150 nmethod 798 0x0000019e37c20a90 code [0x0000019e37c20c20, 0x0000019e37c20d68]
Event: 22.944 Thread 0x0000019e52c9c1a0  799       4       java.lang.invoke.DirectMethodHandle$Holder::invokeStatic (14 bytes)
Event: 22.945 Thread 0x0000019e52c9c1a0 nmethod 799 0x0000019e3f0bad10 code [0x0000019e3f0baea0, 0x0000019e3f0baf68]
Event: 22.978 Thread 0x0000019e52ca8150  800       3       java.lang.String::equalsIgnoreCase (45 bytes)
Event: 22.979 Thread 0x0000019e52ca8150 nmethod 800 0x0000019e37c20e10 code [0x0000019e37c21000, 0x0000019e37c21568]
Event: 23.635 Thread 0x0000019e52c9c1a0  801 %     4       GameScreen::drawMap @ 3 (707 bytes)
Event: 23.643 Thread 0x0000019e52c9c1a0 nmethod 801% 0x0000019e3f0bb090 code [0x0000019e3f0bb280, 0x0000019e3f0bbe20]

GC Heap History (4 events):
Event: 0.290 GC heap before
{Heap before GC invocations=0 (full 0):
 garbage-first heap   total 258048K, used 22528K [0x0000000704000000, 0x0000000800000000)
  region size 2048K, 11 young (22528K), 0 survivors (0K)
 Metaspace       used 1367K, committed 1536K, reserved 1056768K
  class space    used 92K, committed 192K, reserved 1048576K
}
Event: 0.291 GC heap after
{Heap after GC invocations=1 (full 0):
 garbage-first heap   total 258048K, used 1029K [0x0000000704000000, 0x0000000800000000)
  region size 2048K, 1 young (2048K), 1 survivors (2048K)
 Metaspace       used 1367K, committed 1536K, reserved 1056768K
  class space    used 92K, committed 192K, reserved 1048576K
}
Event: 0.609 GC heap before
{Heap before GC invocations=1 (full 0):
 garbage-first heap   total 258048K, used 44037K [0x0000000704000000, 0x0000000800000000)
  region size 2048K, 22 young (45056K), 1 survivors (2048K)
 Metaspace       used 1632K, committed 1792K, reserved 1056768K
  class space    used 123K, committed 192K, reserved 1048576K
}
Event: 0.611 GC heap after
{Heap after GC invocations=2 (full 0):
 garbage-first heap   total 258048K, used 1467K [0x0000000704000000, 0x0000000800000000)
  region size 2048K, 1 young (2048K), 1 survivors (2048K)
 Metaspace       used 1632K, committed 1792K, reserved 1056768K
  class space    used 123K, committed 192K, reserved 1048576K
}

Deoptimization events (20 events):
Event: 0.592 Thread 0x0000019e2fd1be90 Uncommon trap: trap_request=0xffffff45 fr.pc=0x0000019e3f02a25c relative=0x000000000000005c
Event: 0.592 Thread 0x0000019e2fd1be90 Uncommon trap: reason=unstable_if action=reinterpret pc=0x0000019e3f02a25c method=java.util.jar.JarFile.checkForSpecialAttributes()V @ 4 c2
Event: 0.592 Thread 0x0000019e2fd1be90 DEOPT PACKING pc=0x0000019e3f02a25c sp=0x00000005a6bfe5c0
Event: 0.592 Thread 0x0000019e2fd1be90 DEOPT UNPACKING pc=0x0000019e37585c23 sp=0x00000005a6bfe520 mode 2
Event: 0.601 Thread 0x0000019e2fd1be90 Uncommon trap: trap_request=0xffffffc6 fr.pc=0x0000019e3f01df54 relative=0x00000000000005f4
Event: 0.601 Thread 0x0000019e2fd1be90 Uncommon trap: reason=bimorphic_or_optimized_type_check action=maybe_recompile pc=0x0000019e3f01df54 method=java.util.concurrent.ConcurrentHashMap.get(Ljava/lang/Object;)Ljava/lang/Object; @ 149 c2
Event: 0.601 Thread 0x0000019e2fd1be90 DEOPT PACKING pc=0x0000019e3f01df54 sp=0x00000005a6bfdee0
Event: 0.601 Thread 0x0000019e2fd1be90 DEOPT UNPACKING pc=0x0000019e37585c23 sp=0x00000005a6bfde80 mode 2
Event: 0.601 Thread 0x0000019e2fd1be90 Uncommon trap: trap_request=0xffffffc6 fr.pc=0x0000019e3f01df54 relative=0x00000000000005f4
Event: 0.601 Thread 0x0000019e2fd1be90 Uncommon trap: reason=bimorphic_or_optimized_type_check action=maybe_recompile pc=0x0000019e3f01df54 method=java.util.concurrent.ConcurrentHashMap.get(Ljava/lang/Object;)Ljava/lang/Object; @ 149 c2
Event: 0.601 Thread 0x0000019e2fd1be90 DEOPT PACKING pc=0x0000019e3f01df54 sp=0x00000005a6bfdee0
Event: 0.601 Thread 0x0000019e2fd1be90 DEOPT UNPACKING pc=0x0000019e37585c23 sp=0x00000005a6bfde80 mode 2
Event: 0.601 Thread 0x0000019e2fd1be90 Uncommon trap: trap_request=0xffffffc6 fr.pc=0x0000019e3f01df54 relative=0x00000000000005f4
Event: 0.601 Thread 0x0000019e2fd1be90 Uncommon trap: reason=bimorphic_or_optimized_type_check action=maybe_recompile pc=0x0000019e3f01df54 method=java.util.concurrent.ConcurrentHashMap.get(Ljava/lang/Object;)Ljava/lang/Object; @ 149 c2
Event: 0.601 Thread 0x0000019e2fd1be90 DEOPT PACKING pc=0x0000019e3f01df54 sp=0x00000005a6bfdee0
Event: 0.601 Thread 0x0000019e2fd1be90 DEOPT UNPACKING pc=0x0000019e37585c23 sp=0x00000005a6bfde80 mode 2
Event: 0.601 Thread 0x0000019e2fd1be90 Uncommon trap: trap_request=0xffffffc6 fr.pc=0x0000019e3f01df54 relative=0x00000000000005f4
Event: 0.601 Thread 0x0000019e2fd1be90 Uncommon trap: reason=bimorphic_or_optimized_type_check action=maybe_recompile pc=0x0000019e3f01df54 method=java.util.concurrent.ConcurrentHashMap.get(Ljava/lang/Object;)Ljava/lang/Object; @ 149 c2
Event: 0.601 Thread 0x0000019e2fd1be90 DEOPT PACKING pc=0x0000019e3f01df54 sp=0x00000005a6bfdee0
Event: 0.601 Thread 0x0000019e2fd1be90 DEOPT UNPACKING pc=0x0000019e37585c23 sp=0x00000005a6bfde80 mode 2

Classes unloaded (0 events):
No events

Classes redefined (0 events):
No events

Internal exceptions (8 events):
Event: 0.059 Thread 0x0000019e2fd1be90 Exception <a 'java/lang/NoSuchMethodError'{0x000000071382be28}: 'int java.lang.invoke.DirectMethodHandle$Holder.invokeStaticInit(java.lang.Object, java.lang.Object, java.lang.Object, java.lang.Object)'> (0x000000071382be28) 
thrown [t:\workspace\open\src\hotspot\share\interpreter\linkResolver.cpp, line 766]
Event: 0.060 Thread 0x0000019e2fd1be90 Exception <a 'java/lang/NoSuchMethodError'{0x0000000713836b38}: 'java.lang.Object java.lang.invoke.DirectMethodHandle$Holder.invokeInterface(java.lang.Object, java.lang.Object)'> (0x0000000713836b38) 
thrown [t:\workspace\open\src\hotspot\share\interpreter\linkResolver.cpp, line 766]
Event: 0.060 Thread 0x0000019e2fd1be90 Exception <a 'java/lang/IncompatibleClassChangeError'{0x000000071383a250}: Found class java.lang.Object, but interface was expected> (0x000000071383a250) 
thrown [t:\workspace\open\src\hotspot\share\interpreter\linkResolver.cpp, line 833]
Event: 0.061 Thread 0x0000019e2fd1be90 Exception <a 'java/lang/NoSuchMethodError'{0x000000071383d3f8}: 'void java.lang.invoke.DirectMethodHandle$Holder.invokeStatic(java.lang.Object, java.lang.Object)'> (0x000000071383d3f8) 
thrown [t:\workspace\open\src\hotspot\share\interpreter\linkResolver.cpp, line 766]
Event: 0.061 Thread 0x0000019e2fd1be90 Exception <a 'java/lang/NoSuchMethodError'{0x0000000713840a68}: 'void java.lang.invoke.DirectMethodHandle$Holder.invokeStaticInit(java.lang.Object, java.lang.Object)'> (0x0000000713840a68) 
thrown [t:\workspace\open\src\hotspot\share\interpreter\linkResolver.cpp, line 766]
Event: 0.062 Thread 0x0000019e2fd1be90 Exception <a 'java/lang/NoSuchMethodError'{0x0000000713847150}: 'int java.lang.invoke.DirectMethodHandle$Holder.invokeStaticInit(java.lang.Object, java.lang.Object)'> (0x0000000713847150) 
thrown [t:\workspace\open\src\hotspot\share\interpreter\linkResolver.cpp, line 766]
Event: 0.603 Thread 0x0000019e2fd1be90 Exception <a 'java/lang/NoSuchMethodError'{0x00000007111be8f0}: 'java.lang.Object java.lang.invoke.DirectMethodHandle$Holder.invokeStatic(java.lang.Object, int, java.lang.Object)'> (0x00000007111be8f0) 
thrown [t:\workspace\open\src\hotspot\share\interpreter\linkResolver.cpp, line 766]
Event: 16.335 Thread 0x0000019e2fd1be90 Exception <a 'java/lang/NoSuchMethodError'{0x0000000713af6940}: 'java.lang.Object java.lang.invoke.DirectMethodHandle$Holder.invokeStaticInit(java.lang.Object)'> (0x0000000713af6940) 
thrown [t:\workspace\open\src\hotspot\share\interpreter\linkResolver.cpp, line 766]

VM Operations (20 events):
Event: 0.045 Executing VM operation: HandshakeAllThreads
Event: 0.045 Executing VM operation: HandshakeAllThreads done
Event: 0.089 Executing VM operation: HandshakeAllThreads
Event: 0.089 Executing VM operation: HandshakeAllThreads done
Event: 0.290 Executing VM operation: G1CollectForAllocation
Event: 0.291 Executing VM operation: G1CollectForAllocation done
Event: 0.609 Executing VM operation: G1CollectForAllocation
Event: 0.611 Executing VM operation: G1CollectForAllocation done
Event: 1.617 Executing VM operation: Cleanup
Event: 1.617 Executing VM operation: Cleanup done
Event: 16.338 Executing VM operation: HandshakeAllThreads
Event: 16.338 Executing VM operation: HandshakeAllThreads done
Event: 16.338 Executing VM operation: Cleanup
Event: 16.338 Executing VM operation: Cleanup done
Event: 20.339 Executing VM operation: Cleanup
Event: 20.339 Executing VM operation: Cleanup done
Event: 22.340 Executing VM operation: Cleanup
Event: 22.340 Executing VM operation: Cleanup done
Event: 23.340 Executing VM operation: Cleanup
Event: 23.340 Executing VM operation: Cleanup done

Events (20 events):
Event: 20.142 loading class java/net/Socket$SocketInputStream
Event: 20.142 loading class java/net/Socket$SocketInputStream done
Event: 20.142 loading class sun/nio/ch/NioSocketImpl$1
Event: 20.142 loading class sun/nio/ch/NioSocketImpl$1 done
Event: 20.142 loading class java/io/BufferedReader
Event: 20.142 loading class java/io/BufferedReader done
Event: 20.142 loading class java/io/PrintWriter
Event: 20.142 loading class java/io/PrintWriter done
Event: 20.142 loading class java/net/Socket$SocketOutputStream
Event: 20.142 loading class java/net/Socket$SocketOutputStream done
Event: 20.143 loading class sun/nio/ch/NioSocketImpl$2
Event: 20.143 loading class sun/nio/ch/NioSocketImpl$2 done
Event: 20.218 loading class sun/nio/ch/Util
Event: 20.218 loading class sun/nio/ch/Util done
Event: 20.218 loading class sun/nio/ch/Util$1
Event: 20.219 loading class sun/nio/ch/Util$1 done
Event: 20.219 loading class sun/nio/ch/Util$BufferCache
Event: 20.219 loading class sun/nio/ch/Util$BufferCache done
Event: 20.219 loading class java/nio/DirectByteBuffer$Deallocator
Event: 20.219 loading class java/nio/DirectByteBuffer$Deallocator done


Dynamic libraries:
0x00007ff7fa6c0000 - 0x00007ff7fa6d0000 	C:\Program Files\Java\jdk-17.0.1\bin\java.exe
0x00007ffe3fd50000 - 0x00007ffe3ff45000 	C:\Windows\SYSTEM32\ntdll.dll
0x00007ffe3ea50000 - 0x00007ffe3eb0e000 	C:\Windows\System32\KERNEL32.DLL
0x00007ffe3d890000 - 0x00007ffe3db58000 	C:\Windows\System32\KERNELBASE.dll
0x00007ffe3d5e0000 - 0x00007ffe3d6e0000 	C:\Windows\System32\ucrtbase.dll
0x00007ffe12bc0000 - 0x00007ffe12bd8000 	C:\Program Files\Java\jdk-17.0.1\bin\jli.dll
0x00007ffe13430000 - 0x00007ffe1344a000 	C:\Program Files\Java\jdk-17.0.1\bin\VCRUNTIME140.dll
0x00007ffe3e3a0000 - 0x00007ffe3e44e000 	C:\Windows\System32\ADVAPI32.dll
0x00007ffe3e450000 - 0x00007ffe3e4ee000 	C:\Windows\System32\msvcrt.dll
0x00007ffe3de00000 - 0x00007ffe3de9c000 	C:\Windows\System32\sechost.dll
0x00007ffe3ec70000 - 0x00007ffe3ed95000 	C:\Windows\System32\RPCRT4.dll
0x00007ffe3f340000 - 0x00007ffe3f4e0000 	C:\Windows\System32\USER32.dll
0x00007ffe3dd70000 - 0x00007ffe3dd92000 	C:\Windows\System32\win32u.dll
0x00007ffe29430000 - 0x00007ffe296ca000 	C:\Windows\WinSxS\amd64_microsoft.windows.common-controls_6595b64144ccf1df_6.0.19041.1110_none_60b5254171f9507e\COMCTL32.dll
0x00007ffe3ef50000 - 0x00007ffe3ef7b000 	C:\Windows\System32\GDI32.dll
0x00007ffe3d4d0000 - 0x00007ffe3d5dd000 	C:\Windows\System32\gdi32full.dll
0x00007ffe3d730000 - 0x00007ffe3d7cd000 	C:\Windows\System32\msvcp_win.dll
0x00007ffe36ee0000 - 0x00007ffe36eea000 	C:\Windows\SYSTEM32\VERSION.dll
0x00007ffe3e8a0000 - 0x00007ffe3e8d0000 	C:\Windows\System32\IMM32.DLL
0x00007ffe32cd0000 - 0x00007ffe32cdc000 	C:\Program Files\Java\jdk-17.0.1\bin\vcruntime140_1.dll
0x00007ffe12b30000 - 0x00007ffe12bbd000 	C:\Program Files\Java\jdk-17.0.1\bin\msvcp140.dll
0x00007ffdcacc0000 - 0x00007ffdcb87e000 	C:\Program Files\Java\jdk-17.0.1\bin\server\jvm.dll
0x00007ffe3ec60000 - 0x00007ffe3ec68000 	C:\Windows\System32\PSAPI.DLL
0x00007ffe23290000 - 0x00007ffe23299000 	C:\Windows\SYSTEM32\WSOCK32.dll
0x00007ffe14350000 - 0x00007ffe14377000 	C:\Windows\SYSTEM32\WINMM.dll
0x00007ffe3e610000 - 0x00007ffe3e67b000 	C:\Windows\System32\WS2_32.dll
0x00007ffe3bd30000 - 0x00007ffe3bd42000 	C:\Windows\SYSTEM32\kernel.appcore.dll
0x00007ffe32a10000 - 0x00007ffe32a1a000 	C:\Program Files\Java\jdk-17.0.1\bin\jimage.dll
0x00007ffe3aa40000 - 0x00007ffe3ac24000 	C:\Windows\SYSTEM32\DBGHELP.DLL
0x00007ffe2f500000 - 0x00007ffe2f52c000 	C:\Windows\SYSTEM32\dbgcore.DLL
0x00007ffe3d7d0000 - 0x00007ffe3d852000 	C:\Windows\System32\bcryptPrimitives.dll
0x00007ffe12b00000 - 0x00007ffe12b25000 	C:\Program Files\Java\jdk-17.0.1\bin\java.dll
0x00007ffe12a20000 - 0x00007ffe12af6000 	C:\Program Files\Java\jdk-17.0.1\bin\svml.dll
0x00007ffe3f5c0000 - 0x00007ffe3fd04000 	C:\Windows\System32\SHELL32.dll
0x00007ffe3b530000 - 0x00007ffe3bcc4000 	C:\Windows\SYSTEM32\windows.storage.dll
0x00007ffe3ef80000 - 0x00007ffe3f2d5000 	C:\Windows\System32\combase.dll
0x00007ffe3ceb0000 - 0x00007ffe3cede000 	C:\Windows\SYSTEM32\Wldp.dll
0x00007ffe3ebb0000 - 0x00007ffe3ec5d000 	C:\Windows\System32\SHCORE.dll
0x00007ffe3f2e0000 - 0x00007ffe3f335000 	C:\Windows\System32\shlwapi.dll
0x00007ffe3d3a0000 - 0x00007ffe3d3bf000 	C:\Windows\SYSTEM32\profapi.dll
0x00007ffe12a00000 - 0x00007ffe12a19000 	C:\Program Files\Java\jdk-17.0.1\bin\net.dll
0x00007ffe33fc0000 - 0x00007ffe340cc000 	C:\Windows\SYSTEM32\WINHTTP.dll
0x00007ffe3cc10000 - 0x00007ffe3cc7a000 	C:\Windows\system32\mswsock.dll
0x00007ffe12930000 - 0x00007ffe12945000 	C:\Program Files\Java\jdk-17.0.1\bin\nio.dll
0x00007ffe12910000 - 0x00007ffe12928000 	C:\Program Files\Java\jdk-17.0.1\bin\zip.dll
0x0000019e2fc30000 - 0x0000019e2fc33000 	C:\Program Files\Java\jdk-17.0.1\bin\api-ms-win-crt-locale-l1-1-0.dll
0x0000019e2fc40000 - 0x0000019e2fc44000 	C:\Program Files\Java\jdk-17.0.1\bin\api-ms-win-crt-string-l1-1-0.dll
0x0000019e2fc50000 - 0x0000019e2fc54000 	C:\Program Files\Java\jdk-17.0.1\bin\api-ms-win-crt-stdio-l1-1-0.dll
0x0000019e2fc60000 - 0x0000019e2fc65000 	C:\Program Files\Java\jdk-17.0.1\bin\api-ms-win-crt-math-l1-1-0.dll
0x0000019e2fc70000 - 0x0000019e2fc73000 	C:\Program Files\Java\jdk-17.0.1\bin\api-ms-win-crt-heap-l1-1-0.dll
0x0000019e2fc80000 - 0x0000019e2fc84000 	C:\Program Files\Java\jdk-17.0.1\bin\api-ms-win-crt-runtime-l1-1-0.dll
0x0000019e2fc90000 - 0x0000019e2fc94000 	C:\Program Files\Java\jdk-17.0.1\bin\api-ms-win-crt-convert-l1-1-0.dll
0x0000019e2fca0000 - 0x0000019e2fca3000 	C:\Program Files\Java\jdk-17.0.1\bin\api-ms-win-crt-environment-l1-1-0.dll
0x0000019e2fcb0000 - 0x0000019e2fcb3000 	C:\Program Files\Java\jdk-17.0.1\bin\api-ms-win-crt-time-l1-1-0.dll
0x0000019e2fcc0000 - 0x0000019e2fcc3000 	C:\Program Files\Java\jdk-17.0.1\bin\api-ms-win-crt-filesystem-l1-1-0.dll
0x0000019e2fcd0000 - 0x0000019e2fcd3000 	C:\Program Files\Java\jdk-17.0.1\bin\api-ms-win-crt-utility-l1-1-0.dll
0x0000019e2fce0000 - 0x0000019e2fce5000 	C:\Program Files\Java\jdk-17.0.1\bin\api-ms-win-crt-multibyte-l1-1-0.dll
0x0000019e2fcf0000 - 0x0000019e2fcf3000 	C:\Program Files\Java\jdk-17.0.1\bin\api-ms-win-crt-conio-l1-1-0.dll
0x0000019e52de0000 - 0x0000019e52df0000 	C:\Program Files\Java\jdk-17.0.1\bin\api-ms-win-crt-private-l1-1-0.dll
0x0000019e52df0000 - 0x0000019e52df3000 	C:\Program Files\Java\jdk-17.0.1\bin\api-ms-win-crt-process-l1-1-0.dll
0x0000019e52e00000 - 0x0000019e52e03000 	C:\Program Files\Java\jdk-17.0.1\bin\api-ms-win-core-console-l1-2-0.dll
0x0000019e52e10000 - 0x0000019e52e13000 	C:\Program Files\Java\jdk-17.0.1\bin\api-ms-win-core-string-l1-1-0.dll
0x0000019e52e20000 - 0x0000019e52e23000 	C:\Program Files\Java\jdk-17.0.1\bin\api-ms-win-core-errorhandling-l1-1-0.dll
0x0000019e52e30000 - 0x0000019e52e33000 	C:\Program Files\Java\jdk-17.0.1\bin\api-ms-win-core-timezone-l1-1-0.dll
0x0000019e52e40000 - 0x0000019e52e44000 	C:\Program Files\Java\jdk-17.0.1\bin\api-ms-win-core-file-l1-1-0.dll
0x0000019e52e50000 - 0x0000019e52e53000 	C:\Program Files\Java\jdk-17.0.1\bin\api-ms-win-core-namedpipe-l1-1-0.dll
0x0000019e52e60000 - 0x0000019e52e63000 	C:\Program Files\Java\jdk-17.0.1\bin\api-ms-win-core-handle-l1-1-0.dll
0x0000019e52e70000 - 0x0000019e52e73000 	C:\Program Files\Java\jdk-17.0.1\bin\api-ms-win-core-file-l2-1-0.dll
0x0000019e52e80000 - 0x0000019e52e83000 	C:\Program Files\Java\jdk-17.0.1\bin\api-ms-win-core-heap-l1-1-0.dll
0x0000019e52e90000 - 0x0000019e52e93000 	C:\Program Files\Java\jdk-17.0.1\bin\api-ms-win-core-libraryloader-l1-1-0.dll
0x0000019e52ea0000 - 0x0000019e52ea3000 	C:\Program Files\Java\jdk-17.0.1\bin\api-ms-win-core-synch-l1-1-0.dll
0x0000019e52eb0000 - 0x0000019e52eb3000 	C:\Program Files\Java\jdk-17.0.1\bin\api-ms-win-core-processthreads-l1-1-0.dll
0x0000019e52ec0000 - 0x0000019e52ec3000 	C:\Program Files\Java\jdk-17.0.1\bin\api-ms-win-core-processenvironment-l1-1-0.dll
0x0000019e52ed0000 - 0x0000019e52ed3000 	C:\Program Files\Java\jdk-17.0.1\bin\api-ms-win-core-datetime-l1-1-0.dll
0x0000019e52ee0000 - 0x0000019e52ee3000 	C:\Program Files\Java\jdk-17.0.1\bin\api-ms-win-core-localization-l1-2-0.dll
0x0000019e52ef0000 - 0x0000019e52ef3000 	C:\Program Files\Java\jdk-17.0.1\bin\api-ms-win-core-sysinfo-l1-1-0.dll
0x0000019e52f00000 - 0x0000019e52f03000 	C:\Program Files\Java\jdk-17.0.1\bin\api-ms-win-core-synch-l1-2-0.dll
0x0000019e52f10000 - 0x0000019e52f13000 	C:\Program Files\Java\jdk-17.0.1\bin\api-ms-win-core-console-l1-1-0.dll
0x0000019e52f20000 - 0x0000019e52f23000 	C:\Program Files\Java\jdk-17.0.1\bin\api-ms-win-core-debug-l1-1-0.dll
0x0000019e52f30000 - 0x0000019e52f33000 	C:\Program Files\Java\jdk-17.0.1\bin\api-ms-win-core-rtlsupport-l1-1-0.dll
0x0000019e52f40000 - 0x0000019e52f43000 	C:\Program Files\Java\jdk-17.0.1\bin\api-ms-win-core-processthreads-l1-1-1.dll
0x0000019e52f50000 - 0x0000019e52f53000 	C:\Program Files\Java\jdk-17.0.1\bin\api-ms-win-core-file-l1-2-0.dll
0x0000019e52f60000 - 0x0000019e52f63000 	C:\Program Files\Java\jdk-17.0.1\bin\api-ms-win-core-profile-l1-1-0.dll
0x0000019e52f70000 - 0x0000019e52f73000 	C:\Program Files\Java\jdk-17.0.1\bin\api-ms-win-core-memory-l1-1-0.dll
0x0000019e52f80000 - 0x0000019e52f83000 	C:\Program Files\Java\jdk-17.0.1\bin\api-ms-win-core-util-l1-1-0.dll
0x0000019e52f90000 - 0x0000019e52f93000 	C:\Program Files\Java\jdk-17.0.1\bin\api-ms-win-core-interlocked-l1-1-0.dll
0x00007ffdea2a0000 - 0x00007ffdea39a000 	C:\Program Files\Java\jdk-17.0.1\bin\ucrtbase.dll
0x00007ffe32e10000 - 0x00007ffe32e19000 	C:\Windows\System32\msvcp140_1.dll
0x00007ffe2d210000 - 0x00007ffe2d25e000 	C:\Windows\System32\concrt140.dll
0x00007ffe128d0000 - 0x00007ffe12901000 	C:\Windows\System32\vcomp140.dll
0x00007ffe19690000 - 0x00007ffe197b5000 	C:\Windows\System32\opengl32.dll
0x00007ffe2ad00000 - 0x00007ffe2ad2c000 	C:\Windows\SYSTEM32\GLU32.dll
0x00007ffdea080000 - 0x00007ffdea295000 	C:\Users\Asus\.javacpp\cache\jaylib-natives-windows-x86_64-4.0.0-0.jar\com\raylib\windows-x86_64\jniRaylib.dll
0x00007ffe36ad0000 - 0x00007ffe36b6e000 	C:\Windows\system32\uxtheme.dll
0x00007ffe02010000 - 0x00007ffe02055000 	C:\Windows\SYSTEM32\dinput8.dll
0x00007ffe25fb0000 - 0x00007ffe25fc1000 	C:\Windows\SYSTEM32\xinput1_4.dll
0x00007ffe3d6e0000 - 0x00007ffe3d72e000 	C:\Windows\System32\cfgmgr32.dll
0x00007ffe3d200000 - 0x00007ffe3d234000 	C:\Windows\SYSTEM32\DEVOBJ.dll
0x00007ffe3adb0000 - 0x00007ffe3addf000 	C:\Windows\SYSTEM32\dwmapi.dll
0x00007ffe255b0000 - 0x00007ffe25702000 	C:\Windows\SYSTEM32\inputhost.dll
0x00007ffe3e8d0000 - 0x00007ffe3e99d000 	C:\Windows\System32\OLEAUT32.dll
0x00007ffe350e0000 - 0x00007ffe35234000 	C:\Windows\SYSTEM32\wintypes.dll
0x00007ffe367a0000 - 0x00007ffe36892000 	C:\Windows\SYSTEM32\CoreMessaging.dll
0x00007ffe36cd0000 - 0x00007ffe36dc6000 	C:\Windows\SYSTEM32\PROPSYS.dll
0x00007ffe360c0000 - 0x00007ffe3641e000 	C:\Windows\SYSTEM32\CoreUIComponents.dll
0x00007ffe3c150000 - 0x00007ffe3c183000 	C:\Windows\SYSTEM32\ntmarta.dll
0x00007ffe3e4f0000 - 0x00007ffe3e606000 	C:\Windows\System32\MSCTF.dll
0x00007ffe3bcd0000 - 0x00007ffe3bcdd000 	C:\Windows\SYSTEM32\HID.DLL
0x00007ffe3df20000 - 0x00007ffe3e392000 	C:\Windows\System32\SETUPAPI.DLL
0x00007ffe3d860000 - 0x00007ffe3d887000 	C:\Windows\System32\bcrypt.dll
0x00007ffe3d460000 - 0x00007ffe3d4c9000 	C:\Windows\System32\WINTRUST.dll
0x00007ffe3dc10000 - 0x00007ffe3dd66000 	C:\Windows\System32\CRYPT32.dll
0x00007ffe3d040000 - 0x00007ffe3d052000 	C:\Windows\SYSTEM32\MSASN1.dll
0x00007ffe3e9a0000 - 0x00007ffe3ea49000 	C:\Windows\System32\clbcatq.dll
0x00007ffdc9920000 - 0x00007ffdca8eb000 	C:\Windows\System32\DriverStore\FileRepository\iigd_dch.inf_amd64_034e16382545a6a5\igxelpicd64.dll
0x00007ffe3e770000 - 0x00007ffe3e89a000 	C:\Windows\System32\ole32.dll
0x00007ffe3be70000 - 0x00007ffe3bf64000 	C:\Windows\system32\dxgi.dll
0x00007ffde3940000 - 0x00007ffde3dc7000 	C:\Windows\System32\DriverStore\FileRepository\iigd_dch.inf_amd64_034e16382545a6a5\igdml64.dll
0x00007ffe2c8b0000 - 0x00007ffe2cc7d000 	C:\Windows\System32\DriverStore\FileRepository\iigd_dch.inf_amd64_034e16382545a6a5\igdgmm64.dll
0x00007ffe26180000 - 0x00007ffe28ec7000 	C:\Windows\System32\DriverStore\FileRepository\iigd_dch.inf_amd64_034e16382545a6a5\igc64.dll
0x00007ffe3c9d0000 - 0x00007ffe3ca1b000 	C:\Windows\SYSTEM32\powrprof.dll
0x00007ffe3c890000 - 0x00007ffe3c8a2000 	C:\Windows\SYSTEM32\UMPDC.dll
0x00007ffe31a90000 - 0x00007ffe31b89000 	C:\Windows\SYSTEM32\textinputframework.dll

dbghelp: loaded successfully - version: 4.0.5 - missing functions: none
symbol engine: initialized successfully - sym options: 0x614 - pdb path: .;C:\Program Files\Java\jdk-17.0.1\bin;C:\Windows\SYSTEM32;C:\Windows\WinSxS\amd64_microsoft.windows.common-controls_6595b64144ccf1df_6.0.19041.1110_none_60b5254171f9507e;C:\Program Files\Java\jdk-17.0.1\bin\server;C:\Users\Asus\.javacpp\cache\jaylib-natives-windows-x86_64-4.0.0-0.jar\com\raylib\windows-x86_64;C:\Windows\System32\DriverStore\FileRepository\iigd_dch.inf_amd64_034e16382545a6a5

VM Arguments:
jvm_args: -Dfile.encoding=windows-1250 -Duser.country=PL -Duser.language=pl -Duser.variant 
java_command: StartMenu2
java_class_path (initial): C:\Users\Asus\Desktop\Szkoa\2rok\Semestr_2\Java\projekt\Statki\build\classes\java\main;C:\Users\Asus\Desktop\Szkoa\2rok\Semestr_2\Java\projekt\Statki\build\resources\main;C:\Users\Asus\.gradle\caches\modules-2\files-2.1\uk.co.electronstudio.jaylib\jaylib\4.0.0-0\e0edfba4b1f485f1aefaa332f405f634d0c852da\jaylib-4.0.0-0.jar;C:\Users\Asus\.gradle\caches\modules-2\files-2.1\uk.co.electronstudio.jaylib\jaylib-natives-windows-x86_64\4.0.0-0\ca676f584bfa32dc24573ef963aac78ab93f73f\jaylib-natives-windows-x86_64-4.0.0-0.jar;C:\Users\Asus\.gradle\caches\modules-2\files-2.1\uk.co.electronstudio.jaylib\jaylib-natives-macosx-x86_64\4.0.0-0\81b990165d77fc12036fd8a92d24d346ccdd32c3\jaylib-natives-macosx-x86_64-4.0.0-0.jar;C:\Users\Asus\.gradle\caches\modules-2\files-2.1\uk.co.electronstudio.jaylib\jaylib-natives-linux-x86_64\4.0.0-0\e91c55853d215de1264ec1ac921c87dd20609248\jaylib-natives-linux-x86_64-4.0.0-0.jar
Launcher Type: SUN_STANDARD

[Global flags]
     intx CICompilerCount                          = 4                                         {product} {ergonomic}
     uint ConcGCThreads                            = 3                                         {product} {ergonomic}
     uint G1ConcRefinementThreads                  = 10                                        {product} {ergonomic}
   size_t G1HeapRegionSize                         = 2097152                                   {product} {ergonomic}
    uintx GCDrainStackTargetSize                   = 64                                        {product} {ergonomic}
   size_t InitialHeapSize                          = 264241152                                 {product} {ergonomic}
   size_t MarkStackSize                            = 4194304                                   {product} {ergonomic}
   size_t MaxHeapSize                              = 4227858432                                {product} {ergonomic}
   size_t MaxNewSize                               = 2535456768                                {product} {ergonomic}
   size_t MinHeapDeltaBytes                        = 2097152                                   {product} {ergonomic}
   size_t MinHeapSize                              = 8388608                                   {product} {ergonomic}
    uintx NonNMethodCodeHeapSize                   = 5839372                                {pd product} {ergonomic}
    uintx NonProfiledCodeHeapSize                  = 122909434                              {pd product} {ergonomic}
    uintx ProfiledCodeHeapSize                     = 122909434                              {pd product} {ergonomic}
    uintx ReservedCodeCacheSize                    = 251658240                              {pd product} {ergonomic}
     bool SegmentedCodeCache                       = true                                      {product} {ergonomic}
   size_t SoftMaxHeapSize                          = 4227858432                             {manageable} {ergonomic}
     bool UseCompressedClassPointers               = true                           {product lp64_product} {ergonomic}
     bool UseCompressedOops                        = true                           {product lp64_product} {ergonomic}
     bool UseG1GC                                  = true                                      {product} {ergonomic}
     bool UseLargePagesIndividualAllocation        = false                                  {pd product} {ergonomic}

Logging:
Log output configuration:
 #0: stdout all=warning uptime,level,tags
 #1: stderr all=off uptime,level,tags

Environment Variables:
PATH=C:\BAZY_DANYCH\bin;C:\Program Files\Common Files\Oracle\Java\javapath;C:\Program Files (x86)\Common Files\Oracle\Java\javapath;C:\Windows\system32;C:\Windows;C:\Windows\System32\Wbem;C:\Windows\System32\WindowsPowerShell\v1.0\;C:\Windows\System32\OpenSSH\;C:\Program Files (x86)\NVIDIA Corporation\PhysX\Common;C:\Program Files\NVIDIA Corporation\NVIDIA NvDLISR;C:\MinGW\bin;C:\Program Files\Microchip\xc8\v2.35\bin;C:\Program Files\Git\cmd;C:\Users\Asus\AppData\Local\Microsoft\WindowsApps;C:\Users\Asus\AppData\Local\GitHubDesktop\bin
USERNAME=Asus
OS=Windows_NT
PROCESSOR_IDENTIFIER=Intel64 Family 6 Model 141 Stepping 1, GenuineIntel



---------------  S Y S T E M  ---------------

OS:
 Windows 10 , 64 bit Build 19041 (10.0.19041.1503)
OS uptime: 4 days 11:09 hours

CPU: total 12 (initial active 12) (6 cores per cpu, 2 threads per core) family 6 model 141 stepping 1 microcode 0x34, cx8, cmov, fxsr, ht, mmx, 3dnowpref, sse, sse2, sse3, ssse3, sse4.1, sse4.2, popcnt, lzcnt, tsc, tscinvbit, avx, avx2, aes, erms, clmul, bmi1, bmi2, adx, avx512f, avx512dq, avx512cd, avx512bw, avx512vl, sha, fma, vzeroupper, avx512_vpopcntdq, avx512_vpclmulqdq, avx512_vaes, avx512_vnni, clflush, clflushopt, clwb, avx512_vbmi2, avx512_vbmi

Memory: 4k page, system-wide physical 16121M (6604M free)
TotalPageFile size 28409M (AvailPageFile size 11345M)
current process WorkingSet (physical memory assigned to process): 214M, peak: 270M
current process commit charge ("private bytes"): 462M, peak: 499M

vm_info: Java HotSpot(TM) 64-Bit Server VM (17.0.1+12-LTS-39) for windows-amd64 JRE (17.0.1+12-LTS-39), built on Sep 27 2021 18:41:35 by "mach5one" with MS VC++ 16.8 (VS2019)

END.
